#-----------------------------------------------------------
# Vivado v2018.2 (64-bit)
# SW Build 2258646 on Thu Jun 14 20:03:12 MDT 2018
# IP Build 2256618 on Thu Jun 14 22:10:49 MDT 2018
# Start of session at: Wed Sep 12 09:54:31 2018
# Process ID: 7172
# Current directory: C:/Users/jlarr/Desktop/lab-digitales/exp2/v2
# Command line: vivado.exe -gui_launcher_event rodinguilauncherevent496 C:\Users\jlarr\Desktop\lab-digitales\exp2\v2\lab-digitales-2-ale.xpr
# Log file: C:/Users/jlarr/Desktop/lab-digitales/exp2/v2/vivado.log
# Journal file: C:/Users/jlarr/Desktop/lab-digitales/exp2/v2\vivado.jou
#-----------------------------------------------------------
start_gui
open_project C:/Users/jlarr/Desktop/lab-digitales/exp2/v2/lab-digitales-2-ale.xpr
Scanning sources...
Finished scanning sources
INFO: [IP_Flow 19-234] Refreshing IP repositories
INFO: [IP_Flow 19-1704] No user IP repositories specified
INFO: [IP_Flow 19-2313] Loaded Vivado IP repository 'C:/Xilinx/Vivado/2018.2/data/ip'.
open_project: Time (s): cpu = 00:00:15 ; elapsed = 00:00:08 . Memory (MB): peak = 849.258 ; gain = 139.047
update_compile_order -fileset sources_1
exit
INFO: [Common 17-206] Exiting Vivado at Wed Sep 12 10:06:29 2018...
