#-----------------------------------------------------------
# Vivado v2018.2 (64-bit)
# SW Build 2258646 on Thu Jun 14 20:03:12 MDT 2018
# IP Build 2256618 on Thu Jun 14 22:10:49 MDT 2018
# Start of session at: Tue Sep 11 22:10:31 2018
# Process ID: 796
# Current directory: C:/Users/jlarr/Desktop/lab-digitales/exp2/v2
# Command line: vivado.exe -gui_launcher_event rodinguilauncherevent6584 C:\Users\jlarr\Desktop\lab-digitales\exp2\v2\lab-digitales-2-ale.xpr
# Log file: C:/Users/jlarr/Desktop/lab-digitales/exp2/v2/vivado.log
# Journal file: C:/Users/jlarr/Desktop/lab-digitales/exp2/v2\vivado.jou
#-----------------------------------------------------------
start_gui
open_project C:/Users/jlarr/Desktop/lab-digitales/exp2/v2/lab-digitales-2-ale.xpr
INFO: [Project 1-313] Project file moved from 'D:/Downloads/lab-digitales-2-ale/lab-digitales-2-ale' since last save.
Scanning sources...
Finished scanning sources
INFO: [IP_Flow 19-234] Refreshing IP repositories
INFO: [IP_Flow 19-1704] No user IP repositories specified
INFO: [IP_Flow 19-2313] Loaded Vivado IP repository 'C:/Xilinx/Vivado/2018.2/data/ip'.
open_project: Time (s): cpu = 00:00:21 ; elapsed = 00:00:11 . Memory (MB): peak = 854.270 ; gain = 167.277
update_compile_order -fileset sources_1
export_ip_user_files -of_objects  [get_files C:/Users/jlarr/Desktop/lab-digitales/exp2/v2/lab-digitales-2-ale.srcs/sources_1/new/pins.v] -no_script -reset -force -quiet
remove_files  C:/Users/jlarr/Desktop/lab-digitales/exp2/v2/lab-digitales-2-ale.srcs/sources_1/new/pins.v
exit
INFO: [Common 17-206] Exiting Vivado at Tue Sep 11 22:57:32 2018...
