#-----------------------------------------------------------
# Vivado v2018.2 (64-bit)
# SW Build 2258646 on Thu Jun 14 20:03:12 MDT 2018
# IP Build 2256618 on Thu Jun 14 22:10:49 MDT 2018
# Start of session at: Mon Oct  8 20:34:23 2018
# Process ID: 17444
# Current directory: D:/University/Engineering/8th semester/Digital Lab/lab-digitales/exp4
# Command line: vivado.exe -gui_launcher_event rodinguilauncherevent18304 D:\University\Engineering\8th semester\Digital Lab\lab-digitales\exp4\lab4.xpr
# Log file: D:/University/Engineering/8th semester/Digital Lab/lab-digitales/exp4/vivado.log
# Journal file: D:/University/Engineering/8th semester/Digital Lab/lab-digitales/exp4\vivado.jou
#-----------------------------------------------------------
start_gui
open_project {D:/University/Engineering/8th semester/Digital Lab/lab-digitales/exp4/lab4.xpr}
INFO: [Project 1-313] Project file moved from 'C:/Users/jlarr/Desktop/lab-digitales/exp3' since last save.
CRITICAL WARNING: [Project 1-311] Could not find the file 'D:/University/Engineering/8th semester/Digital Lab/lab-digitales/exp4/lab4.srcs/sources_1/new/counter_amb.v', nor could it be found using path 'C:/Users/jlarr/Desktop/lab-digitales/exp3/lab3.srcs/sources_1/new/counter_amb.v'.
CRITICAL WARNING: [Project 1-311] Could not find the file 'D:/University/Engineering/8th semester/Digital Lab/lab-digitales/exp4/lab4.srcs/sources_1/new/counter_h.v', nor could it be found using path 'C:/Users/jlarr/Desktop/lab-digitales/exp3/lab3.srcs/sources_1/new/counter_h.v'.
CRITICAL WARNING: [Project 1-311] Could not find the file 'D:/University/Engineering/8th semester/Digital Lab/lab-digitales/exp4/lab4.srcs/sources_1/new/counter_v.v', nor could it be found using path 'C:/Users/jlarr/Desktop/lab-digitales/exp3/lab3.srcs/sources_1/new/counter_v.v'.
CRITICAL WARNING: [Project 1-311] Could not find the file 'D:/University/Engineering/8th semester/Digital Lab/lab-digitales/exp4/lab4.srcs/sources_1/new/cross_h.v', nor could it be found using path 'C:/Users/jlarr/Desktop/lab-digitales/exp3/lab3.srcs/sources_1/new/cross_h.v'.
CRITICAL WARNING: [Project 1-311] Could not find the file 'D:/University/Engineering/8th semester/Digital Lab/lab-digitales/exp4/lab4.srcs/sources_1/new/cross_led_mgmt.v', nor could it be found using path 'C:/Users/jlarr/Desktop/lab-digitales/exp3/lab3.srcs/sources_1/new/cross_led_mgmt.v'.
CRITICAL WARNING: [Project 1-311] Could not find the file 'D:/University/Engineering/8th semester/Digital Lab/lab-digitales/exp4/lab4.srcs/sources_1/new/cross_v.v', nor could it be found using path 'C:/Users/jlarr/Desktop/lab-digitales/exp3/lab3.srcs/sources_1/new/cross_v.v'.
CRITICAL WARNING: [Project 1-311] Could not find the file 'D:/University/Engineering/8th semester/Digital Lab/lab-digitales/exp4/lab4.srcs/sources_1/new/debouncer.v', nor could it be found using path 'C:/Users/jlarr/Desktop/lab-digitales/exp3/lab3.srcs/sources_1/new/debouncer.v'.
CRITICAL WARNING: [Project 1-311] Could not find the file 'D:/University/Engineering/8th semester/Digital Lab/lab-digitales/exp4/lab4.srcs/sources_1/new/edge_detector.v', nor could it be found using path 'C:/Users/jlarr/Desktop/lab-digitales/exp3/lab3.srcs/sources_1/new/edge_detector.v'.
CRITICAL WARNING: [Project 1-311] Could not find the file 'D:/University/Engineering/8th semester/Digital Lab/lab-digitales/exp4/lab4.srcs/sources_1/new/flow_led_mgmt.v', nor could it be found using path 'C:/Users/jlarr/Desktop/lab-digitales/exp3/lab3.srcs/sources_1/new/flow_led_mgmt.v'.
CRITICAL WARNING: [Project 1-311] Could not find the file 'D:/University/Engineering/8th semester/Digital Lab/lab-digitales/exp4/lab4.srcs/sources_1/new/high_flow_detector.v', nor could it be found using path 'C:/Users/jlarr/Desktop/lab-digitales/exp3/lab3.srcs/sources_1/new/high_flow_detector.v'.
CRITICAL WARNING: [Project 1-311] Could not find the file 'D:/University/Engineering/8th semester/Digital Lab/lab-digitales/exp4/lab4.srcs/sources_1/new/pulse_generator.v', nor could it be found using path 'C:/Users/jlarr/Desktop/lab-digitales/exp3/lab3.srcs/sources_1/new/pulse_generator.v'.
CRITICAL WARNING: [Project 1-311] Could not find the file 'D:/University/Engineering/8th semester/Digital Lab/lab-digitales/exp4/lab4.srcs/sources_1/new/seven_seg_mgmt.v', nor could it be found using path 'C:/Users/jlarr/Desktop/lab-digitales/exp3/lab3.srcs/sources_1/new/seven_seg_mgmt.v'.
CRITICAL WARNING: [Project 1-311] Could not find the file 'D:/University/Engineering/8th semester/Digital Lab/lab-digitales/exp4/lab4.srcs/sources_1/new/stoplight_led_mgmt.v', nor could it be found using path 'C:/Users/jlarr/Desktop/lab-digitales/exp3/lab3.srcs/sources_1/new/stoplight_led_mgmt.v'.
CRITICAL WARNING: [Project 1-311] Could not find the file 'D:/University/Engineering/8th semester/Digital Lab/lab-digitales/exp4/lab4.srcs/sources_1/new/stoplight_state_mgmt.v', nor could it be found using path 'C:/Users/jlarr/Desktop/lab-digitales/exp3/lab3.srcs/sources_1/new/stoplight_state_mgmt.v'.
CRITICAL WARNING: [Project 1-311] Could not find the file 'D:/University/Engineering/8th semester/Digital Lab/lab-digitales/exp4/lab4.srcs/sources_1/new/main_2.v', nor could it be found using path 'C:/Users/jlarr/Desktop/lab-digitales/exp3/lab3.srcs/sources_1/new/main_2.v'.
CRITICAL WARNING: [Project 1-311] Could not find the file 'D:/University/Engineering/8th semester/Digital Lab/lab-digitales/exp4/lab4.srcs/sources_1/new/counter_temp.v', nor could it be found using path 'C:/Users/jlarr/Desktop/lab-digitales/exp3/lab3.srcs/sources_1/new/counter_temp.v'.
CRITICAL WARNING: [Project 1-311] Could not find the file 'D:/University/Engineering/8th semester/Digital Lab/lab-digitales/exp4/lab4.srcs/sources_1/new/main.v', nor could it be found using path 'C:/Users/jlarr/Desktop/lab-digitales/exp3/lab3.srcs/sources_1/new/main.v'.
CRITICAL WARNING: [Project 1-311] Could not find the file 'D:/University/Engineering/8th semester/Digital Lab/lab-digitales/exp4/lab4.srcs/constrs_1/new/basys.xdc', nor could it be found using path 'C:/Users/jlarr/Desktop/lab-digitales/exp3/lab3.srcs/constrs_1/new/basys.xdc'.
Scanning sources...
Finished scanning sources
WARNING: [Project 1-509] GeneratedRun file for 'synth_1' not found
WARNING: [Project 1-509] GeneratedRun file for 'impl_1' not found
WARNING: [filemgmt 56-2] IPUserFilesDir: Could not find the directory 'D:/University/Engineering/8th semester/Digital Lab/lab-digitales/exp4/lab4.ip_user_files', nor could it be found using path 'C:/Users/jlarr/Desktop/lab-digitales/exp3/lab3.ip_user_files'.
INFO: [IP_Flow 19-234] Refreshing IP repositories
INFO: [IP_Flow 19-1704] No user IP repositories specified
INFO: [IP_Flow 19-2313] Loaded Vivado IP repository 'D:/Programs/Xilinx/Vivado/2018.2/data/ip'.
open_project: Time (s): cpu = 00:00:12 ; elapsed = 00:00:13 . Memory (MB): peak = 736.711 ; gain = 50.215
update_compile_order -fileset sources_1
exit
INFO: [Common 17-206] Exiting Vivado at Mon Oct  8 20:36:31 2018...
