#-----------------------------------------------------------
# Vivado v2018.2 (64-bit)
# SW Build 2258646 on Thu Jun 14 20:03:12 MDT 2018
# IP Build 2256618 on Thu Jun 14 22:10:49 MDT 2018
# Start of session at: Tue Oct  9 14:12:29 2018
# Process ID: 5972
# Current directory: D:/University/Engineering/8th semester/Digital Lab/lab-digitales/exp4
# Command line: vivado.exe -gui_launcher_event rodinguilauncherevent12244 D:\University\Engineering\8th semester\Digital Lab\lab-digitales\exp4\lab4.xpr
# Log file: D:/University/Engineering/8th semester/Digital Lab/lab-digitales/exp4/vivado.log
# Journal file: D:/University/Engineering/8th semester/Digital Lab/lab-digitales/exp4\vivado.jou
#-----------------------------------------------------------
start_gui
open_project {D:/University/Engineering/8th semester/Digital Lab/lab-digitales/exp4/lab4.xpr}
INFO: [Project 1-313] Project file moved from 'C:/Users/jlarr/Desktop/lab-digitales/exp4' since last save.
Scanning sources...
Finished scanning sources
INFO: [IP_Flow 19-234] Refreshing IP repositories
INFO: [IP_Flow 19-1704] No user IP repositories specified
INFO: [IP_Flow 19-2313] Loaded Vivado IP repository 'D:/Programs/Xilinx/Vivado/2018.2/data/ip'.
open_project: Time (s): cpu = 00:00:16 ; elapsed = 00:00:17 . Memory (MB): peak = 740.609 ; gain = 54.414
update_compile_order -fileset sources_1
exit
INFO: [Common 17-206] Exiting Vivado at Tue Oct  9 16:50:36 2018...
