#-----------------------------------------------------------
# Vivado v2018.2 (64-bit)
# SW Build 2258646 on Thu Jun 14 20:03:12 MDT 2018
# IP Build 2256618 on Thu Jun 14 22:10:49 MDT 2018
# Start of session at: Tue Sep  4 22:41:50 2018
# Process ID: 3884
# Current directory: C:/Users/jlarr/Desktop/digitales/lab-digitales/exp2/lab2_digitales
# Command line: vivado.exe -gui_launcher_event rodinguilauncherevent5944 C:\Users\jlarr\Desktop\digitales\lab-digitales\exp2\lab2_digitales\lab2_digitales.xpr
# Log file: C:/Users/jlarr/Desktop/digitales/lab-digitales/exp2/lab2_digitales/vivado.log
# Journal file: C:/Users/jlarr/Desktop/digitales/lab-digitales/exp2/lab2_digitales\vivado.jou
#-----------------------------------------------------------
start_gui
open_project C:/Users/jlarr/Desktop/digitales/lab-digitales/exp2/lab2_digitales/lab2_digitales.xpr
INFO: [Project 1-313] Project file moved from 'D:/University/Engineering/8th semester/Digital Lab/lab-digitales/exp2/lab2_digitales' since last save.
Scanning sources...
Finished scanning sources
INFO: [IP_Flow 19-234] Refreshing IP repositories
INFO: [IP_Flow 19-1704] No user IP repositories specified
INFO: [IP_Flow 19-2313] Loaded Vivado IP repository 'C:/Xilinx/Vivado/2018.2/data/ip'.
open_project: Time (s): cpu = 00:00:13 ; elapsed = 00:00:07 . Memory (MB): peak = 784.230 ; gain = 63.098
update_compile_order -fileset sources_1
exit
INFO: [Common 17-206] Exiting Vivado at Tue Sep  4 23:10:00 2018...
