#-----------------------------------------------------------
# Vivado v2018.2 (64-bit)
# SW Build 2258646 on Thu Jun 14 20:03:12 MDT 2018
# IP Build 2256618 on Thu Jun 14 22:10:49 MDT 2018
# Start of session at: Wed Sep  5 23:54:35 2018
# Process ID: 11688
# Current directory: C:/Users/jlarr/Desktop/digitales/lab-digitales/exp2/lab2_digitales
# Command line: vivado.exe -gui_launcher_event rodinguilauncherevent8740 C:\Users\jlarr\Desktop\digitales\lab-digitales\exp2\lab2_digitales\lab2_digitales.xpr
# Log file: C:/Users/jlarr/Desktop/digitales/lab-digitales/exp2/lab2_digitales/vivado.log
# Journal file: C:/Users/jlarr/Desktop/digitales/lab-digitales/exp2/lab2_digitales\vivado.jou
#-----------------------------------------------------------
start_gui
open_project C:/Users/jlarr/Desktop/digitales/lab-digitales/exp2/lab2_digitales/lab2_digitales.xpr
Scanning sources...
Finished scanning sources
INFO: [IP_Flow 19-234] Refreshing IP repositories
INFO: [IP_Flow 19-1704] No user IP repositories specified
INFO: [IP_Flow 19-2313] Loaded Vivado IP repository 'C:/Xilinx/Vivado/2018.2/data/ip'.
open_project: Time (s): cpu = 00:00:13 ; elapsed = 00:00:10 . Memory (MB): peak = 751.633 ; gain = 40.504
update_compile_order -fileset sources_1exit
INFO: [Common 17-206] Exiting Vivado at Thu Sep  6 00:27:09 2018...

