#-----------------------------------------------------------
# Vivado v2018.2 (64-bit)
# SW Build 2258646 on Thu Jun 14 20:03:12 MDT 2018
# IP Build 2256618 on Thu Jun 14 22:10:49 MDT 2018
# Start of session at: Thu Sep  6 02:24:35 2018
# Process ID: 4376
# Current directory: C:/Users/Alejandro/Documents/lab-digitales/exp2/lab2_digitales
# Command line: vivado.exe -gui_launcher_event rodinguilauncherevent1964 C:\Users\Alejandro\Documents\lab-digitales\exp2\lab2_digitales\lab2_digitales.xpr
# Log file: C:/Users/Alejandro/Documents/lab-digitales/exp2/lab2_digitales/vivado.log
# Journal file: C:/Users/Alejandro/Documents/lab-digitales/exp2/lab2_digitales\vivado.jou
#-----------------------------------------------------------
start_gui
open_project C:/Users/Alejandro/Documents/lab-digitales/exp2/lab2_digitales/lab2_digitales.xpr
INFO: [Project 1-313] Project file moved from 'C:/Users/jlarr/Desktop/digitales/lab-digitales/exp2/lab2_digitales' since last save.
Scanning sources...
Finished scanning sources
INFO: [IP_Flow 19-234] Refreshing IP repositories
INFO: [IP_Flow 19-1704] No user IP repositories specified
INFO: [IP_Flow 19-2313] Loaded Vivado IP repository 'C:/Xilinx/Vivado/2018.2/data/ip'.
open_project: Time (s): cpu = 00:00:09 ; elapsed = 00:00:15 . Memory (MB): peak = 546.469 ; gain = 58.668
update_compile_order -fileset sources_1
update_compile_order -fileset sources_1
update_compile_order -fileset sources_1
close [ open C:/Users/Alejandro/Documents/lab-digitales/exp2/lab2_digitales/lab2_digitales.srcs/sources_1/new/leds_mgmt.v w ]
add_files C:/Users/Alejandro/Documents/lab-digitales/exp2/lab2_digitales/lab2_digitales.srcs/sources_1/new/leds_mgmt.v
update_compile_order -fileset sources_1
update_compile_order -fileset sources_1
export_ip_user_files -of_objects  [get_files C:/Users/Alejandro/Documents/lab-digitales/exp2/lab2_digitales/lab2_digitales.srcs/sources_1/new/leds_mgmt.v] -no_script -reset -force -quiet
remove_files  C:/Users/Alejandro/Documents/lab-digitales/exp2/lab2_digitales/lab2_digitales.srcs/sources_1/new/leds_mgmt.v
close [ open C:/Users/Alejandro/Documents/lab-digitales/exp2/lab2_digitales/lab2_digitales.srcs/sources_1/new/leds_mgmt_2.v w ]
add_files C:/Users/Alejandro/Documents/lab-digitales/exp2/lab2_digitales/lab2_digitales.srcs/sources_1/new/leds_mgmt_2.v
update_compile_order -fileset sources_1
update_compile_order -fileset sources_1
