#-----------------------------------------------------------
# Vivado v2018.2 (64-bit)
# SW Build 2258646 on Thu Jun 14 20:03:12 MDT 2018
# IP Build 2256618 on Thu Jun 14 22:10:49 MDT 2018
# Start of session at: Wed Sep  5 22:47:42 2018
# Process ID: 13000
# Current directory: C:/Users/jlarr/Desktop/digitales/lab-digitales/exp2/lab2_digitales
# Command line: vivado.exe -gui_launcher_event rodinguilauncherevent11660 C:\Users\jlarr\Desktop\digitales\lab-digitales\exp2\lab2_digitales\lab2_digitales.xpr
# Log file: C:/Users/jlarr/Desktop/digitales/lab-digitales/exp2/lab2_digitales/vivado.log
# Journal file: C:/Users/jlarr/Desktop/digitales/lab-digitales/exp2/lab2_digitales\vivado.jou
#-----------------------------------------------------------
start_gui
open_project C:/Users/jlarr/Desktop/digitales/lab-digitales/exp2/lab2_digitales/lab2_digitales.xpr
INFO: [Project 1-313] Project file moved from 'D:/University/Engineering/8th semester/Digital Lab/lab-digitales/exp2/lab2_digitales' since last save.
Scanning sources...
Finished scanning sources
INFO: [IP_Flow 19-234] Refreshing IP repositories
INFO: [IP_Flow 19-1704] No user IP repositories specified
INFO: [IP_Flow 19-2313] Loaded Vivado IP repository 'C:/Xilinx/Vivado/2018.2/data/ip'.
open_project: Time (s): cpu = 00:00:14 ; elapsed = 00:00:06 . Memory (MB): peak = 805.391 ; gain = 104.934
update_compile_order -fileset sources_1
update_compile_order -fileset sources_1
update_compile_order -fileset sources_1
update_compile_order -fileset sources_1
close [ open C:/Users/jlarr/Desktop/digitales/lab-digitales/exp2/lab2_digitales/lab2_digitales.srcs/sources_1/new/cont_2.v w ]
add_files C:/Users/jlarr/Desktop/digitales/lab-digitales/exp2/lab2_digitales/lab2_digitales.srcs/sources_1/new/cont_2.v
update_compile_order -fileset sources_1
update_compile_order -fileset sources_1
export_ip_user_files -of_objects  [get_files C:/Users/jlarr/Desktop/digitales/lab-digitales/exp2/lab2_digitales/lab2_digitales.srcs/sources_1/new/siete_seg.v] -no_script -reset -force -quiet
remove_files  C:/Users/jlarr/Desktop/digitales/lab-digitales/exp2/lab2_digitales/lab2_digitales.srcs/sources_1/new/siete_seg.v
update_compile_order -fileset sources_1
exit
INFO: [Common 17-206] Exiting Vivado at Wed Sep  5 23:52:15 2018...
