
*** Running vivado
    with args -log Basys3.vds -m64 -product Vivado -mode batch -messageDb vivado.pb -notrace -source Basys3.tcl


****** Vivado v2018.2 (64-bit)
  **** SW Build 2258646 on Thu Jun 14 20:03:12 MDT 2018
  **** IP Build 2256618 on Thu Jun 14 22:10:49 MDT 2018
    ** Copyright 1986-2018 Xilinx, Inc. All Rights Reserved.

source Basys3.tcl -notrace
Command: synth_design -top Basys3 -part xc7a35tcpg236-1
Starting synth_design
Attempting to get a license for feature 'Synthesis' and/or device 'xc7a35t'
INFO: [Common 17-349] Got license for feature 'Synthesis' and/or device 'xc7a35t'
INFO: Launching helper process for spawning children vivado processes
INFO: Helper process launched with PID 4252 
---------------------------------------------------------------------------------
Starting RTL Elaboration : Time (s): cpu = 00:00:03 ; elapsed = 00:00:03 . Memory (MB): peak = 356.930 ; gain = 98.535
---------------------------------------------------------------------------------
INFO: [Synth 8-6157] synthesizing module 'Basys3' [C:/Users/jlarr/Desktop/digitales/lab-digitales/exp2/lab2_digitales/lab2_digitales.srcs/sources_1/new/basys3.v:3]
INFO: [Synth 8-6157] synthesizing module 'display' [C:/Users/jlarr/Desktop/digitales/lab-digitales/exp2/lab2_digitales/lab2_digitales.srcs/sources_1/new/display.v:4]
INFO: [Synth 8-6155] done synthesizing module 'display' (1#1) [C:/Users/jlarr/Desktop/digitales/lab-digitales/exp2/lab2_digitales/lab2_digitales.srcs/sources_1/new/display.v:4]
WARNING: [Synth 8-4446] all outputs are unconnected for this instance and logic may be removed [C:/Users/jlarr/Desktop/digitales/lab-digitales/exp2/lab2_digitales/lab2_digitales.srcs/sources_1/new/basys3.v:26]
INFO: [Synth 8-6157] synthesizing module 'mem' [C:/Users/jlarr/Desktop/digitales/lab-digitales/exp2/lab2_digitales/lab2_digitales.srcs/sources_1/new/mem.v:4]
INFO: [Synth 8-6155] done synthesizing module 'mem' (2#1) [C:/Users/jlarr/Desktop/digitales/lab-digitales/exp2/lab2_digitales/lab2_digitales.srcs/sources_1/new/mem.v:4]
WARNING: [Synth 8-350] instance 'nolabel_line26' of module 'mem' requires 3 connections, but only 0 given [C:/Users/jlarr/Desktop/digitales/lab-digitales/exp2/lab2_digitales/lab2_digitales.srcs/sources_1/new/basys3.v:26]
INFO: [Synth 8-6157] synthesizing module 'clock_divider' [C:/Users/jlarr/Desktop/digitales/lab-digitales/exp2/lab2_digitales/lab2_digitales.srcs/sources_1/new/clock_divider.v:3]
WARNING: [Synth 8-567] referenced signal 'clock_divide_max' should be on the sensitivity list [C:/Users/jlarr/Desktop/digitales/lab-digitales/exp2/lab2_digitales/lab2_digitales.srcs/sources_1/new/clock_divider.v:28]
INFO: [Synth 8-6155] done synthesizing module 'clock_divider' (3#1) [C:/Users/jlarr/Desktop/digitales/lab-digitales/exp2/lab2_digitales/lab2_digitales.srcs/sources_1/new/clock_divider.v:3]
WARNING: [Synth 8-4446] all outputs are unconnected for this instance and logic may be removed [C:/Users/jlarr/Desktop/digitales/lab-digitales/exp2/lab2_digitales/lab2_digitales.srcs/sources_1/new/basys3.v:37]
INFO: [Synth 8-6157] synthesizing module 'mux' [C:/Users/jlarr/Desktop/digitales/lab-digitales/exp2/lab2_digitales/lab2_digitales.srcs/sources_1/new/mux.v:1]
INFO: [Synth 8-6155] done synthesizing module 'mux' (4#1) [C:/Users/jlarr/Desktop/digitales/lab-digitales/exp2/lab2_digitales/lab2_digitales.srcs/sources_1/new/mux.v:1]
WARNING: [Synth 8-350] instance 'nolabel_line37' of module 'mux' requires 5 connections, but only 0 given [C:/Users/jlarr/Desktop/digitales/lab-digitales/exp2/lab2_digitales/lab2_digitales.srcs/sources_1/new/basys3.v:37]
WARNING: [Synth 8-4446] all outputs are unconnected for this instance and logic may be removed [C:/Users/jlarr/Desktop/digitales/lab-digitales/exp2/lab2_digitales/lab2_digitales.srcs/sources_1/new/basys3.v:40]
INFO: [Synth 8-6157] synthesizing module 'cont_1' [C:/Users/jlarr/Desktop/digitales/lab-digitales/exp2/lab2_digitales/lab2_digitales.srcs/sources_1/new/count_1.v:3]
INFO: [Synth 8-6155] done synthesizing module 'cont_1' (5#1) [C:/Users/jlarr/Desktop/digitales/lab-digitales/exp2/lab2_digitales/lab2_digitales.srcs/sources_1/new/count_1.v:3]
WARNING: [Synth 8-350] instance 'nolabel_line40' of module 'cont_1' requires 3 connections, but only 0 given [C:/Users/jlarr/Desktop/digitales/lab-digitales/exp2/lab2_digitales/lab2_digitales.srcs/sources_1/new/basys3.v:40]
INFO: [Synth 8-6157] synthesizing module 'cont_2' [C:/Users/jlarr/Desktop/digitales/lab-digitales/exp2/lab2_digitales/lab2_digitales.srcs/sources_1/new/cont_2.v:3]
INFO: [Synth 8-6155] done synthesizing module 'cont_2' (6#1) [C:/Users/jlarr/Desktop/digitales/lab-digitales/exp2/lab2_digitales/lab2_digitales.srcs/sources_1/new/cont_2.v:3]
WARNING: [Synth 8-4446] all outputs are unconnected for this instance and logic may be removed [C:/Users/jlarr/Desktop/digitales/lab-digitales/exp2/lab2_digitales/lab2_digitales.srcs/sources_1/new/basys3.v:55]
INFO: [Synth 8-6157] synthesizing module 'leds_mgmt_2' [C:/Users/jlarr/Desktop/digitales/lab-digitales/exp2/lab2_digitales/lab2_digitales.srcs/sources_1/new/leds_mgmt_2.v:3]
INFO: [Synth 8-6155] done synthesizing module 'leds_mgmt_2' (7#1) [C:/Users/jlarr/Desktop/digitales/lab-digitales/exp2/lab2_digitales/lab2_digitales.srcs/sources_1/new/leds_mgmt_2.v:3]
WARNING: [Synth 8-350] instance 'nolabel_line55' of module 'leds_mgmt_2' requires 2 connections, but only 0 given [C:/Users/jlarr/Desktop/digitales/lab-digitales/exp2/lab2_digitales/lab2_digitales.srcs/sources_1/new/basys3.v:55]
WARNING: [Synth 8-3848] Net JA in module/entity Basys3 does not have driver. [C:/Users/jlarr/Desktop/digitales/lab-digitales/exp2/lab2_digitales/lab2_digitales.srcs/sources_1/new/basys3.v:9]
INFO: [Synth 8-6155] done synthesizing module 'Basys3' (8#1) [C:/Users/jlarr/Desktop/digitales/lab-digitales/exp2/lab2_digitales/lab2_digitales.srcs/sources_1/new/basys3.v:3]
WARNING: [Synth 8-3917] design Basys3 has port an[3] driven by constant 1
WARNING: [Synth 8-3917] design Basys3 has port an[2] driven by constant 1
WARNING: [Synth 8-3917] design Basys3 has port an[1] driven by constant 1
WARNING: [Synth 8-3917] design Basys3 has port an[0] driven by constant 0
WARNING: [Synth 8-3331] design clock_divider has unconnected port clk
WARNING: [Synth 8-3331] design display has unconnected port clk
WARNING: [Synth 8-3331] design Basys3 has unconnected port JA[7]
WARNING: [Synth 8-3331] design Basys3 has unconnected port JA[6]
WARNING: [Synth 8-3331] design Basys3 has unconnected port JA[5]
WARNING: [Synth 8-3331] design Basys3 has unconnected port JA[4]
WARNING: [Synth 8-3331] design Basys3 has unconnected port JA[3]
WARNING: [Synth 8-3331] design Basys3 has unconnected port JA[2]
WARNING: [Synth 8-3331] design Basys3 has unconnected port JA[1]
WARNING: [Synth 8-3331] design Basys3 has unconnected port JA[0]
WARNING: [Synth 8-3331] design Basys3 has unconnected port sw[15]
WARNING: [Synth 8-3331] design Basys3 has unconnected port sw[14]
WARNING: [Synth 8-3331] design Basys3 has unconnected port sw[13]
WARNING: [Synth 8-3331] design Basys3 has unconnected port sw[12]
WARNING: [Synth 8-3331] design Basys3 has unconnected port sw[11]
WARNING: [Synth 8-3331] design Basys3 has unconnected port sw[10]
WARNING: [Synth 8-3331] design Basys3 has unconnected port sw[9]
WARNING: [Synth 8-3331] design Basys3 has unconnected port sw[8]
WARNING: [Synth 8-3331] design Basys3 has unconnected port sw[7]
WARNING: [Synth 8-3331] design Basys3 has unconnected port sw[6]
WARNING: [Synth 8-3331] design Basys3 has unconnected port sw[5]
WARNING: [Synth 8-3331] design Basys3 has unconnected port sw[4]
WARNING: [Synth 8-3331] design Basys3 has unconnected port sw[3]
WARNING: [Synth 8-3331] design Basys3 has unconnected port sw[2]
WARNING: [Synth 8-3331] design Basys3 has unconnected port sw[1]
WARNING: [Synth 8-3331] design Basys3 has unconnected port sw[0]
WARNING: [Synth 8-3331] design Basys3 has unconnected port led[15]
WARNING: [Synth 8-3331] design Basys3 has unconnected port led[14]
WARNING: [Synth 8-3331] design Basys3 has unconnected port led[13]
WARNING: [Synth 8-3331] design Basys3 has unconnected port led[12]
WARNING: [Synth 8-3331] design Basys3 has unconnected port led[11]
WARNING: [Synth 8-3331] design Basys3 has unconnected port led[10]
WARNING: [Synth 8-3331] design Basys3 has unconnected port led[9]
WARNING: [Synth 8-3331] design Basys3 has unconnected port led[8]
WARNING: [Synth 8-3331] design Basys3 has unconnected port led[7]
WARNING: [Synth 8-3331] design Basys3 has unconnected port led[6]
WARNING: [Synth 8-3331] design Basys3 has unconnected port led[5]
WARNING: [Synth 8-3331] design Basys3 has unconnected port led[4]
WARNING: [Synth 8-3331] design Basys3 has unconnected port led[3]
WARNING: [Synth 8-3331] design Basys3 has unconnected port led[2]
WARNING: [Synth 8-3331] design Basys3 has unconnected port led[1]
WARNING: [Synth 8-3331] design Basys3 has unconnected port led[0]
WARNING: [Synth 8-3331] design Basys3 has unconnected port btn[4]
WARNING: [Synth 8-3331] design Basys3 has unconnected port btn[3]
WARNING: [Synth 8-3331] design Basys3 has unconnected port btn[2]
WARNING: [Synth 8-3331] design Basys3 has unconnected port btn[1]
---------------------------------------------------------------------------------
Finished RTL Elaboration : Time (s): cpu = 00:00:04 ; elapsed = 00:00:04 . Memory (MB): peak = 411.863 ; gain = 153.469
---------------------------------------------------------------------------------

Report Check Netlist: 
+------+------------------+-------+---------+-------+------------------+
|      |Item              |Errors |Warnings |Status |Description       |
+------+------------------+-------+---------+-------+------------------+
|1     |multi_driven_nets |      0|        0|Passed |Multi driven nets |
+------+------------------+-------+---------+-------+------------------+
WARNING: [Synth 8-3295] tying undriven pin nolabel_line37:a[7] to constant 0 [C:/Users/jlarr/Desktop/digitales/lab-digitales/exp2/lab2_digitales/lab2_digitales.srcs/sources_1/new/basys3.v:37]
WARNING: [Synth 8-3295] tying undriven pin nolabel_line37:a[6] to constant 0 [C:/Users/jlarr/Desktop/digitales/lab-digitales/exp2/lab2_digitales/lab2_digitales.srcs/sources_1/new/basys3.v:37]
WARNING: [Synth 8-3295] tying undriven pin nolabel_line37:a[5] to constant 0 [C:/Users/jlarr/Desktop/digitales/lab-digitales/exp2/lab2_digitales/lab2_digitales.srcs/sources_1/new/basys3.v:37]
WARNING: [Synth 8-3295] tying undriven pin nolabel_line37:a[4] to constant 0 [C:/Users/jlarr/Desktop/digitales/lab-digitales/exp2/lab2_digitales/lab2_digitales.srcs/sources_1/new/basys3.v:37]
WARNING: [Synth 8-3295] tying undriven pin nolabel_line37:a[3] to constant 0 [C:/Users/jlarr/Desktop/digitales/lab-digitales/exp2/lab2_digitales/lab2_digitales.srcs/sources_1/new/basys3.v:37]
WARNING: [Synth 8-3295] tying undriven pin nolabel_line37:a[2] to constant 0 [C:/Users/jlarr/Desktop/digitales/lab-digitales/exp2/lab2_digitales/lab2_digitales.srcs/sources_1/new/basys3.v:37]
WARNING: [Synth 8-3295] tying undriven pin nolabel_line37:a[1] to constant 0 [C:/Users/jlarr/Desktop/digitales/lab-digitales/exp2/lab2_digitales/lab2_digitales.srcs/sources_1/new/basys3.v:37]
WARNING: [Synth 8-3295] tying undriven pin nolabel_line37:a[0] to constant 0 [C:/Users/jlarr/Desktop/digitales/lab-digitales/exp2/lab2_digitales/lab2_digitales.srcs/sources_1/new/basys3.v:37]
WARNING: [Synth 8-3295] tying undriven pin nolabel_line37:b[7] to constant 0 [C:/Users/jlarr/Desktop/digitales/lab-digitales/exp2/lab2_digitales/lab2_digitales.srcs/sources_1/new/basys3.v:37]
WARNING: [Synth 8-3295] tying undriven pin nolabel_line37:b[6] to constant 0 [C:/Users/jlarr/Desktop/digitales/lab-digitales/exp2/lab2_digitales/lab2_digitales.srcs/sources_1/new/basys3.v:37]
WARNING: [Synth 8-3295] tying undriven pin nolabel_line37:b[5] to constant 0 [C:/Users/jlarr/Desktop/digitales/lab-digitales/exp2/lab2_digitales/lab2_digitales.srcs/sources_1/new/basys3.v:37]
WARNING: [Synth 8-3295] tying undriven pin nolabel_line37:b[4] to constant 0 [C:/Users/jlarr/Desktop/digitales/lab-digitales/exp2/lab2_digitales/lab2_digitales.srcs/sources_1/new/basys3.v:37]
WARNING: [Synth 8-3295] tying undriven pin nolabel_line37:b[3] to constant 0 [C:/Users/jlarr/Desktop/digitales/lab-digitales/exp2/lab2_digitales/lab2_digitales.srcs/sources_1/new/basys3.v:37]
WARNING: [Synth 8-3295] tying undriven pin nolabel_line37:b[2] to constant 0 [C:/Users/jlarr/Desktop/digitales/lab-digitales/exp2/lab2_digitales/lab2_digitales.srcs/sources_1/new/basys3.v:37]
WARNING: [Synth 8-3295] tying undriven pin nolabel_line37:b[1] to constant 0 [C:/Users/jlarr/Desktop/digitales/lab-digitales/exp2/lab2_digitales/lab2_digitales.srcs/sources_1/new/basys3.v:37]
WARNING: [Synth 8-3295] tying undriven pin nolabel_line37:b[0] to constant 0 [C:/Users/jlarr/Desktop/digitales/lab-digitales/exp2/lab2_digitales/lab2_digitales.srcs/sources_1/new/basys3.v:37]
WARNING: [Synth 8-3295] tying undriven pin nolabel_line37:c[7] to constant 0 [C:/Users/jlarr/Desktop/digitales/lab-digitales/exp2/lab2_digitales/lab2_digitales.srcs/sources_1/new/basys3.v:37]
WARNING: [Synth 8-3295] tying undriven pin nolabel_line37:c[6] to constant 0 [C:/Users/jlarr/Desktop/digitales/lab-digitales/exp2/lab2_digitales/lab2_digitales.srcs/sources_1/new/basys3.v:37]
WARNING: [Synth 8-3295] tying undriven pin nolabel_line37:c[5] to constant 0 [C:/Users/jlarr/Desktop/digitales/lab-digitales/exp2/lab2_digitales/lab2_digitales.srcs/sources_1/new/basys3.v:37]
WARNING: [Synth 8-3295] tying undriven pin nolabel_line37:c[4] to constant 0 [C:/Users/jlarr/Desktop/digitales/lab-digitales/exp2/lab2_digitales/lab2_digitales.srcs/sources_1/new/basys3.v:37]
WARNING: [Synth 8-3295] tying undriven pin nolabel_line37:c[3] to constant 0 [C:/Users/jlarr/Desktop/digitales/lab-digitales/exp2/lab2_digitales/lab2_digitales.srcs/sources_1/new/basys3.v:37]
WARNING: [Synth 8-3295] tying undriven pin nolabel_line37:c[2] to constant 0 [C:/Users/jlarr/Desktop/digitales/lab-digitales/exp2/lab2_digitales/lab2_digitales.srcs/sources_1/new/basys3.v:37]
WARNING: [Synth 8-3295] tying undriven pin nolabel_line37:c[1] to constant 0 [C:/Users/jlarr/Desktop/digitales/lab-digitales/exp2/lab2_digitales/lab2_digitales.srcs/sources_1/new/basys3.v:37]
WARNING: [Synth 8-3295] tying undriven pin nolabel_line37:c[0] to constant 0 [C:/Users/jlarr/Desktop/digitales/lab-digitales/exp2/lab2_digitales/lab2_digitales.srcs/sources_1/new/basys3.v:37]
WARNING: [Synth 8-3295] tying undriven pin nolabel_line37:sel[1] to constant 0 [C:/Users/jlarr/Desktop/digitales/lab-digitales/exp2/lab2_digitales/lab2_digitales.srcs/sources_1/new/basys3.v:37]
WARNING: [Synth 8-3295] tying undriven pin nolabel_line37:sel[0] to constant 0 [C:/Users/jlarr/Desktop/digitales/lab-digitales/exp2/lab2_digitales/lab2_digitales.srcs/sources_1/new/basys3.v:37]
WARNING: [Synth 8-3295] tying undriven pin nolabel_line40:clk to constant 0 [C:/Users/jlarr/Desktop/digitales/lab-digitales/exp2/lab2_digitales/lab2_digitales.srcs/sources_1/new/basys3.v:40]
WARNING: [Synth 8-3295] tying undriven pin nolabel_line40:enable to constant 0 [C:/Users/jlarr/Desktop/digitales/lab-digitales/exp2/lab2_digitales/lab2_digitales.srcs/sources_1/new/basys3.v:40]
WARNING: [Synth 8-3295] tying undriven pin nolabel_line55:bytes[7] to constant 0 [C:/Users/jlarr/Desktop/digitales/lab-digitales/exp2/lab2_digitales/lab2_digitales.srcs/sources_1/new/basys3.v:55]
WARNING: [Synth 8-3295] tying undriven pin nolabel_line55:bytes[6] to constant 0 [C:/Users/jlarr/Desktop/digitales/lab-digitales/exp2/lab2_digitales/lab2_digitales.srcs/sources_1/new/basys3.v:55]
WARNING: [Synth 8-3295] tying undriven pin nolabel_line55:bytes[5] to constant 0 [C:/Users/jlarr/Desktop/digitales/lab-digitales/exp2/lab2_digitales/lab2_digitales.srcs/sources_1/new/basys3.v:55]
WARNING: [Synth 8-3295] tying undriven pin nolabel_line55:bytes[4] to constant 0 [C:/Users/jlarr/Desktop/digitales/lab-digitales/exp2/lab2_digitales/lab2_digitales.srcs/sources_1/new/basys3.v:55]
WARNING: [Synth 8-3295] tying undriven pin nolabel_line55:bytes[3] to constant 0 [C:/Users/jlarr/Desktop/digitales/lab-digitales/exp2/lab2_digitales/lab2_digitales.srcs/sources_1/new/basys3.v:55]
WARNING: [Synth 8-3295] tying undriven pin nolabel_line55:bytes[2] to constant 0 [C:/Users/jlarr/Desktop/digitales/lab-digitales/exp2/lab2_digitales/lab2_digitales.srcs/sources_1/new/basys3.v:55]
WARNING: [Synth 8-3295] tying undriven pin nolabel_line55:bytes[1] to constant 0 [C:/Users/jlarr/Desktop/digitales/lab-digitales/exp2/lab2_digitales/lab2_digitales.srcs/sources_1/new/basys3.v:55]
WARNING: [Synth 8-3295] tying undriven pin nolabel_line55:bytes[0] to constant 0 [C:/Users/jlarr/Desktop/digitales/lab-digitales/exp2/lab2_digitales/lab2_digitales.srcs/sources_1/new/basys3.v:55]
---------------------------------------------------------------------------------
Start Handling Custom Attributes
---------------------------------------------------------------------------------
---------------------------------------------------------------------------------
Finished Handling Custom Attributes : Time (s): cpu = 00:00:04 ; elapsed = 00:00:04 . Memory (MB): peak = 411.863 ; gain = 153.469
---------------------------------------------------------------------------------
---------------------------------------------------------------------------------
Finished RTL Optimization Phase 1 : Time (s): cpu = 00:00:04 ; elapsed = 00:00:04 . Memory (MB): peak = 411.863 ; gain = 153.469
---------------------------------------------------------------------------------
INFO: [Device 21-403] Loading part xc7a35tcpg236-1
INFO: [Project 1-570] Preparing netlist for logic optimization

Processing XDC Constraints
Initializing timing engine
Parsing XDC File [C:/Users/jlarr/Desktop/digitales/lab-digitales/exp2/lab2_digitales/lab2_digitales.srcs/constrs_1/new/basys3.xdc]
WARNING: [Vivado 12-584] No ports matched 'lcd[0]'. [C:/Users/jlarr/Desktop/digitales/lab-digitales/exp2/lab2_digitales/lab2_digitales.srcs/constrs_1/new/basys3.xdc:152]
WARNING: [Vivado 12-584] No ports matched 'lcd[0]'. [C:/Users/jlarr/Desktop/digitales/lab-digitales/exp2/lab2_digitales/lab2_digitales.srcs/constrs_1/new/basys3.xdc:153]
WARNING: [Vivado 12-584] No ports matched 'lcd[1]'. [C:/Users/jlarr/Desktop/digitales/lab-digitales/exp2/lab2_digitales/lab2_digitales.srcs/constrs_1/new/basys3.xdc:155]
WARNING: [Vivado 12-584] No ports matched 'lcd[1]'. [C:/Users/jlarr/Desktop/digitales/lab-digitales/exp2/lab2_digitales/lab2_digitales.srcs/constrs_1/new/basys3.xdc:156]
WARNING: [Vivado 12-584] No ports matched 'lcd[2]'. [C:/Users/jlarr/Desktop/digitales/lab-digitales/exp2/lab2_digitales/lab2_digitales.srcs/constrs_1/new/basys3.xdc:158]
WARNING: [Vivado 12-584] No ports matched 'lcd[2]'. [C:/Users/jlarr/Desktop/digitales/lab-digitales/exp2/lab2_digitales/lab2_digitales.srcs/constrs_1/new/basys3.xdc:159]
WARNING: [Vivado 12-584] No ports matched 'lcd[3]'. [C:/Users/jlarr/Desktop/digitales/lab-digitales/exp2/lab2_digitales/lab2_digitales.srcs/constrs_1/new/basys3.xdc:161]
WARNING: [Vivado 12-584] No ports matched 'lcd[3]'. [C:/Users/jlarr/Desktop/digitales/lab-digitales/exp2/lab2_digitales/lab2_digitales.srcs/constrs_1/new/basys3.xdc:162]
WARNING: [Vivado 12-584] No ports matched 'lcd[4]'. [C:/Users/jlarr/Desktop/digitales/lab-digitales/exp2/lab2_digitales/lab2_digitales.srcs/constrs_1/new/basys3.xdc:164]
WARNING: [Vivado 12-584] No ports matched 'lcd[4]'. [C:/Users/jlarr/Desktop/digitales/lab-digitales/exp2/lab2_digitales/lab2_digitales.srcs/constrs_1/new/basys3.xdc:165]
WARNING: [Vivado 12-584] No ports matched 'lcd[5]'. [C:/Users/jlarr/Desktop/digitales/lab-digitales/exp2/lab2_digitales/lab2_digitales.srcs/constrs_1/new/basys3.xdc:167]
WARNING: [Vivado 12-584] No ports matched 'lcd[5]'. [C:/Users/jlarr/Desktop/digitales/lab-digitales/exp2/lab2_digitales/lab2_digitales.srcs/constrs_1/new/basys3.xdc:168]
WARNING: [Vivado 12-584] No ports matched 'lcd[6]'. [C:/Users/jlarr/Desktop/digitales/lab-digitales/exp2/lab2_digitales/lab2_digitales.srcs/constrs_1/new/basys3.xdc:170]
WARNING: [Vivado 12-584] No ports matched 'lcd[6]'. [C:/Users/jlarr/Desktop/digitales/lab-digitales/exp2/lab2_digitales/lab2_digitales.srcs/constrs_1/new/basys3.xdc:171]
WARNING: [Vivado 12-584] No ports matched 'lcd[7]'. [C:/Users/jlarr/Desktop/digitales/lab-digitales/exp2/lab2_digitales/lab2_digitales.srcs/constrs_1/new/basys3.xdc:173]
WARNING: [Vivado 12-584] No ports matched 'lcd[7]'. [C:/Users/jlarr/Desktop/digitales/lab-digitales/exp2/lab2_digitales/lab2_digitales.srcs/constrs_1/new/basys3.xdc:174]
WARNING: [Vivado 12-584] No ports matched 'JC[0]'. [C:/Users/jlarr/Desktop/digitales/lab-digitales/exp2/lab2_digitales/lab2_digitales.srcs/constrs_1/new/basys3.xdc:180]
WARNING: [Vivado 12-584] No ports matched 'JC[0]'. [C:/Users/jlarr/Desktop/digitales/lab-digitales/exp2/lab2_digitales/lab2_digitales.srcs/constrs_1/new/basys3.xdc:181]
WARNING: [Vivado 12-584] No ports matched 'JC[0]'. [C:/Users/jlarr/Desktop/digitales/lab-digitales/exp2/lab2_digitales/lab2_digitales.srcs/constrs_1/new/basys3.xdc:183]
WARNING: [Vivado 12-584] No ports matched 'JC[0]'. [C:/Users/jlarr/Desktop/digitales/lab-digitales/exp2/lab2_digitales/lab2_digitales.srcs/constrs_1/new/basys3.xdc:184]
WARNING: [Vivado 12-584] No ports matched 'JC[2]'. [C:/Users/jlarr/Desktop/digitales/lab-digitales/exp2/lab2_digitales/lab2_digitales.srcs/constrs_1/new/basys3.xdc:186]
WARNING: [Vivado 12-584] No ports matched 'JC[2]'. [C:/Users/jlarr/Desktop/digitales/lab-digitales/exp2/lab2_digitales/lab2_digitales.srcs/constrs_1/new/basys3.xdc:187]
WARNING: [Vivado 12-584] No ports matched 'JC[3]'. [C:/Users/jlarr/Desktop/digitales/lab-digitales/exp2/lab2_digitales/lab2_digitales.srcs/constrs_1/new/basys3.xdc:189]
WARNING: [Vivado 12-584] No ports matched 'JC[3]'. [C:/Users/jlarr/Desktop/digitales/lab-digitales/exp2/lab2_digitales/lab2_digitales.srcs/constrs_1/new/basys3.xdc:190]
WARNING: [Vivado 12-584] No ports matched 'lcd[9]'. [C:/Users/jlarr/Desktop/digitales/lab-digitales/exp2/lab2_digitales/lab2_digitales.srcs/constrs_1/new/basys3.xdc:192]
WARNING: [Vivado 12-584] No ports matched 'lcd[9]'. [C:/Users/jlarr/Desktop/digitales/lab-digitales/exp2/lab2_digitales/lab2_digitales.srcs/constrs_1/new/basys3.xdc:193]
WARNING: [Vivado 12-584] No ports matched 'lcd[8]'. [C:/Users/jlarr/Desktop/digitales/lab-digitales/exp2/lab2_digitales/lab2_digitales.srcs/constrs_1/new/basys3.xdc:195]
WARNING: [Vivado 12-584] No ports matched 'lcd[8]'. [C:/Users/jlarr/Desktop/digitales/lab-digitales/exp2/lab2_digitales/lab2_digitales.srcs/constrs_1/new/basys3.xdc:196]
WARNING: [Vivado 12-584] No ports matched 'lcd[10]'. [C:/Users/jlarr/Desktop/digitales/lab-digitales/exp2/lab2_digitales/lab2_digitales.srcs/constrs_1/new/basys3.xdc:198]
WARNING: [Vivado 12-584] No ports matched 'lcd[10]'. [C:/Users/jlarr/Desktop/digitales/lab-digitales/exp2/lab2_digitales/lab2_digitales.srcs/constrs_1/new/basys3.xdc:199]
WARNING: [Vivado 12-584] No ports matched 'JC[7]'. [C:/Users/jlarr/Desktop/digitales/lab-digitales/exp2/lab2_digitales/lab2_digitales.srcs/constrs_1/new/basys3.xdc:201]
WARNING: [Vivado 12-584] No ports matched 'JXADC[0]'. [C:/Users/jlarr/Desktop/digitales/lab-digitales/exp2/lab2_digitales/lab2_digitales.srcs/constrs_1/new/basys3.xdc:207]
WARNING: [Vivado 12-584] No ports matched 'JXADC[0]'. [C:/Users/jlarr/Desktop/digitales/lab-digitales/exp2/lab2_digitales/lab2_digitales.srcs/constrs_1/new/basys3.xdc:208]
WARNING: [Vivado 12-584] No ports matched 'JXADC[1]'. [C:/Users/jlarr/Desktop/digitales/lab-digitales/exp2/lab2_digitales/lab2_digitales.srcs/constrs_1/new/basys3.xdc:210]
WARNING: [Vivado 12-584] No ports matched 'JXADC[1]'. [C:/Users/jlarr/Desktop/digitales/lab-digitales/exp2/lab2_digitales/lab2_digitales.srcs/constrs_1/new/basys3.xdc:211]
WARNING: [Vivado 12-584] No ports matched 'JXADC[2]'. [C:/Users/jlarr/Desktop/digitales/lab-digitales/exp2/lab2_digitales/lab2_digitales.srcs/constrs_1/new/basys3.xdc:213]
WARNING: [Vivado 12-584] No ports matched 'JXADC[2]'. [C:/Users/jlarr/Desktop/digitales/lab-digitales/exp2/lab2_digitales/lab2_digitales.srcs/constrs_1/new/basys3.xdc:214]
WARNING: [Vivado 12-584] No ports matched 'JXADC[3]'. [C:/Users/jlarr/Desktop/digitales/lab-digitales/exp2/lab2_digitales/lab2_digitales.srcs/constrs_1/new/basys3.xdc:216]
WARNING: [Vivado 12-584] No ports matched 'JXADC[3]'. [C:/Users/jlarr/Desktop/digitales/lab-digitales/exp2/lab2_digitales/lab2_digitales.srcs/constrs_1/new/basys3.xdc:217]
WARNING: [Vivado 12-584] No ports matched 'JXADC[4]'. [C:/Users/jlarr/Desktop/digitales/lab-digitales/exp2/lab2_digitales/lab2_digitales.srcs/constrs_1/new/basys3.xdc:219]
WARNING: [Vivado 12-584] No ports matched 'JXADC[4]'. [C:/Users/jlarr/Desktop/digitales/lab-digitales/exp2/lab2_digitales/lab2_digitales.srcs/constrs_1/new/basys3.xdc:220]
WARNING: [Vivado 12-584] No ports matched 'JXADC[5]'. [C:/Users/jlarr/Desktop/digitales/lab-digitales/exp2/lab2_digitales/lab2_digitales.srcs/constrs_1/new/basys3.xdc:222]
WARNING: [Vivado 12-584] No ports matched 'JXADC[5]'. [C:/Users/jlarr/Desktop/digitales/lab-digitales/exp2/lab2_digitales/lab2_digitales.srcs/constrs_1/new/basys3.xdc:223]
WARNING: [Vivado 12-584] No ports matched 'JXADC[6]'. [C:/Users/jlarr/Desktop/digitales/lab-digitales/exp2/lab2_digitales/lab2_digitales.srcs/constrs_1/new/basys3.xdc:225]
WARNING: [Vivado 12-584] No ports matched 'JXADC[6]'. [C:/Users/jlarr/Desktop/digitales/lab-digitales/exp2/lab2_digitales/lab2_digitales.srcs/constrs_1/new/basys3.xdc:226]
WARNING: [Vivado 12-584] No ports matched 'JXADC[7]'. [C:/Users/jlarr/Desktop/digitales/lab-digitales/exp2/lab2_digitales/lab2_digitales.srcs/constrs_1/new/basys3.xdc:228]
WARNING: [Vivado 12-584] No ports matched 'JXADC[7]'. [C:/Users/jlarr/Desktop/digitales/lab-digitales/exp2/lab2_digitales/lab2_digitales.srcs/constrs_1/new/basys3.xdc:229]
WARNING: [Vivado 12-584] No ports matched 'vgaRed[0]'. [C:/Users/jlarr/Desktop/digitales/lab-digitales/exp2/lab2_digitales/lab2_digitales.srcs/constrs_1/new/basys3.xdc:234]
WARNING: [Vivado 12-584] No ports matched 'vgaRed[0]'. [C:/Users/jlarr/Desktop/digitales/lab-digitales/exp2/lab2_digitales/lab2_digitales.srcs/constrs_1/new/basys3.xdc:235]
WARNING: [Vivado 12-584] No ports matched 'vgaRed[1]'. [C:/Users/jlarr/Desktop/digitales/lab-digitales/exp2/lab2_digitales/lab2_digitales.srcs/constrs_1/new/basys3.xdc:236]
WARNING: [Vivado 12-584] No ports matched 'vgaRed[1]'. [C:/Users/jlarr/Desktop/digitales/lab-digitales/exp2/lab2_digitales/lab2_digitales.srcs/constrs_1/new/basys3.xdc:237]
WARNING: [Vivado 12-584] No ports matched 'vgaRed[2]'. [C:/Users/jlarr/Desktop/digitales/lab-digitales/exp2/lab2_digitales/lab2_digitales.srcs/constrs_1/new/basys3.xdc:238]
WARNING: [Vivado 12-584] No ports matched 'vgaRed[2]'. [C:/Users/jlarr/Desktop/digitales/lab-digitales/exp2/lab2_digitales/lab2_digitales.srcs/constrs_1/new/basys3.xdc:239]
WARNING: [Vivado 12-584] No ports matched 'vgaRed[3]'. [C:/Users/jlarr/Desktop/digitales/lab-digitales/exp2/lab2_digitales/lab2_digitales.srcs/constrs_1/new/basys3.xdc:240]
WARNING: [Vivado 12-584] No ports matched 'vgaRed[3]'. [C:/Users/jlarr/Desktop/digitales/lab-digitales/exp2/lab2_digitales/lab2_digitales.srcs/constrs_1/new/basys3.xdc:241]
WARNING: [Vivado 12-584] No ports matched 'vgaBlue[0]'. [C:/Users/jlarr/Desktop/digitales/lab-digitales/exp2/lab2_digitales/lab2_digitales.srcs/constrs_1/new/basys3.xdc:242]
WARNING: [Vivado 12-584] No ports matched 'vgaBlue[0]'. [C:/Users/jlarr/Desktop/digitales/lab-digitales/exp2/lab2_digitales/lab2_digitales.srcs/constrs_1/new/basys3.xdc:243]
WARNING: [Vivado 12-584] No ports matched 'vgaBlue[1]'. [C:/Users/jlarr/Desktop/digitales/lab-digitales/exp2/lab2_digitales/lab2_digitales.srcs/constrs_1/new/basys3.xdc:244]
WARNING: [Vivado 12-584] No ports matched 'vgaBlue[1]'. [C:/Users/jlarr/Desktop/digitales/lab-digitales/exp2/lab2_digitales/lab2_digitales.srcs/constrs_1/new/basys3.xdc:245]
WARNING: [Vivado 12-584] No ports matched 'vgaBlue[2]'. [C:/Users/jlarr/Desktop/digitales/lab-digitales/exp2/lab2_digitales/lab2_digitales.srcs/constrs_1/new/basys3.xdc:246]
WARNING: [Vivado 12-584] No ports matched 'vgaBlue[2]'. [C:/Users/jlarr/Desktop/digitales/lab-digitales/exp2/lab2_digitales/lab2_digitales.srcs/constrs_1/new/basys3.xdc:247]
WARNING: [Vivado 12-584] No ports matched 'vgaBlue[3]'. [C:/Users/jlarr/Desktop/digitales/lab-digitales/exp2/lab2_digitales/lab2_digitales.srcs/constrs_1/new/basys3.xdc:248]
WARNING: [Vivado 12-584] No ports matched 'vgaBlue[3]'. [C:/Users/jlarr/Desktop/digitales/lab-digitales/exp2/lab2_digitales/lab2_digitales.srcs/constrs_1/new/basys3.xdc:249]
WARNING: [Vivado 12-584] No ports matched 'vgaGreen[0]'. [C:/Users/jlarr/Desktop/digitales/lab-digitales/exp2/lab2_digitales/lab2_digitales.srcs/constrs_1/new/basys3.xdc:250]
WARNING: [Vivado 12-584] No ports matched 'vgaGreen[0]'. [C:/Users/jlarr/Desktop/digitales/lab-digitales/exp2/lab2_digitales/lab2_digitales.srcs/constrs_1/new/basys3.xdc:251]
WARNING: [Vivado 12-584] No ports matched 'vgaGreen[1]'. [C:/Users/jlarr/Desktop/digitales/lab-digitales/exp2/lab2_digitales/lab2_digitales.srcs/constrs_1/new/basys3.xdc:252]
WARNING: [Vivado 12-584] No ports matched 'vgaGreen[1]'. [C:/Users/jlarr/Desktop/digitales/lab-digitales/exp2/lab2_digitales/lab2_digitales.srcs/constrs_1/new/basys3.xdc:253]
WARNING: [Vivado 12-584] No ports matched 'vgaGreen[2]'. [C:/Users/jlarr/Desktop/digitales/lab-digitales/exp2/lab2_digitales/lab2_digitales.srcs/constrs_1/new/basys3.xdc:254]
WARNING: [Vivado 12-584] No ports matched 'vgaGreen[2]'. [C:/Users/jlarr/Desktop/digitales/lab-digitales/exp2/lab2_digitales/lab2_digitales.srcs/constrs_1/new/basys3.xdc:255]
WARNING: [Vivado 12-584] No ports matched 'vgaGreen[3]'. [C:/Users/jlarr/Desktop/digitales/lab-digitales/exp2/lab2_digitales/lab2_digitales.srcs/constrs_1/new/basys3.xdc:256]
WARNING: [Vivado 12-584] No ports matched 'vgaGreen[3]'. [C:/Users/jlarr/Desktop/digitales/lab-digitales/exp2/lab2_digitales/lab2_digitales.srcs/constrs_1/new/basys3.xdc:257]
WARNING: [Vivado 12-584] No ports matched 'Hsync'. [C:/Users/jlarr/Desktop/digitales/lab-digitales/exp2/lab2_digitales/lab2_digitales.srcs/constrs_1/new/basys3.xdc:258]
WARNING: [Vivado 12-584] No ports matched 'Hsync'. [C:/Users/jlarr/Desktop/digitales/lab-digitales/exp2/lab2_digitales/lab2_digitales.srcs/constrs_1/new/basys3.xdc:259]
WARNING: [Vivado 12-584] No ports matched 'Vsync'. [C:/Users/jlarr/Desktop/digitales/lab-digitales/exp2/lab2_digitales/lab2_digitales.srcs/constrs_1/new/basys3.xdc:260]
WARNING: [Vivado 12-584] No ports matched 'Vsync'. [C:/Users/jlarr/Desktop/digitales/lab-digitales/exp2/lab2_digitales/lab2_digitales.srcs/constrs_1/new/basys3.xdc:261]
WARNING: [Vivado 12-584] No ports matched 'RsRx'. [C:/Users/jlarr/Desktop/digitales/lab-digitales/exp2/lab2_digitales/lab2_digitales.srcs/constrs_1/new/basys3.xdc:265]
WARNING: [Vivado 12-584] No ports matched 'RsRx'. [C:/Users/jlarr/Desktop/digitales/lab-digitales/exp2/lab2_digitales/lab2_digitales.srcs/constrs_1/new/basys3.xdc:266]
WARNING: [Vivado 12-584] No ports matched 'RsTx'. [C:/Users/jlarr/Desktop/digitales/lab-digitales/exp2/lab2_digitales/lab2_digitales.srcs/constrs_1/new/basys3.xdc:267]
WARNING: [Vivado 12-584] No ports matched 'RsTx'. [C:/Users/jlarr/Desktop/digitales/lab-digitales/exp2/lab2_digitales/lab2_digitales.srcs/constrs_1/new/basys3.xdc:268]
WARNING: [Vivado 12-584] No ports matched 'PS2Clk'. [C:/Users/jlarr/Desktop/digitales/lab-digitales/exp2/lab2_digitales/lab2_digitales.srcs/constrs_1/new/basys3.xdc:272]
WARNING: [Vivado 12-584] No ports matched 'PS2Clk'. [C:/Users/jlarr/Desktop/digitales/lab-digitales/exp2/lab2_digitales/lab2_digitales.srcs/constrs_1/new/basys3.xdc:273]
WARNING: [Vivado 12-584] No ports matched 'PS2Clk'. [C:/Users/jlarr/Desktop/digitales/lab-digitales/exp2/lab2_digitales/lab2_digitales.srcs/constrs_1/new/basys3.xdc:274]
WARNING: [Vivado 12-584] No ports matched 'PS2Data'. [C:/Users/jlarr/Desktop/digitales/lab-digitales/exp2/lab2_digitales/lab2_digitales.srcs/constrs_1/new/basys3.xdc:275]
WARNING: [Vivado 12-584] No ports matched 'PS2Data'. [C:/Users/jlarr/Desktop/digitales/lab-digitales/exp2/lab2_digitales/lab2_digitales.srcs/constrs_1/new/basys3.xdc:276]
WARNING: [Vivado 12-584] No ports matched 'PS2Data'. [C:/Users/jlarr/Desktop/digitales/lab-digitales/exp2/lab2_digitales/lab2_digitales.srcs/constrs_1/new/basys3.xdc:277]
WARNING: [Vivado 12-584] No ports matched 'QspiDB[0]'. [C:/Users/jlarr/Desktop/digitales/lab-digitales/exp2/lab2_digitales/lab2_digitales.srcs/constrs_1/new/basys3.xdc:283]
WARNING: [Vivado 12-584] No ports matched 'QspiDB[0]'. [C:/Users/jlarr/Desktop/digitales/lab-digitales/exp2/lab2_digitales/lab2_digitales.srcs/constrs_1/new/basys3.xdc:284]
WARNING: [Vivado 12-584] No ports matched 'QspiDB[1]'. [C:/Users/jlarr/Desktop/digitales/lab-digitales/exp2/lab2_digitales/lab2_digitales.srcs/constrs_1/new/basys3.xdc:285]
WARNING: [Vivado 12-584] No ports matched 'QspiDB[1]'. [C:/Users/jlarr/Desktop/digitales/lab-digitales/exp2/lab2_digitales/lab2_digitales.srcs/constrs_1/new/basys3.xdc:286]
WARNING: [Vivado 12-584] No ports matched 'QspiDB[2]'. [C:/Users/jlarr/Desktop/digitales/lab-digitales/exp2/lab2_digitales/lab2_digitales.srcs/constrs_1/new/basys3.xdc:287]
WARNING: [Vivado 12-584] No ports matched 'QspiDB[2]'. [C:/Users/jlarr/Desktop/digitales/lab-digitales/exp2/lab2_digitales/lab2_digitales.srcs/constrs_1/new/basys3.xdc:288]
WARNING: [Vivado 12-584] No ports matched 'QspiDB[3]'. [C:/Users/jlarr/Desktop/digitales/lab-digitales/exp2/lab2_digitales/lab2_digitales.srcs/constrs_1/new/basys3.xdc:289]
WARNING: [Vivado 12-584] No ports matched 'QspiDB[3]'. [C:/Users/jlarr/Desktop/digitales/lab-digitales/exp2/lab2_digitales/lab2_digitales.srcs/constrs_1/new/basys3.xdc:290]
WARNING: [Vivado 12-584] No ports matched 'QspiCSn'. [C:/Users/jlarr/Desktop/digitales/lab-digitales/exp2/lab2_digitales/lab2_digitales.srcs/constrs_1/new/basys3.xdc:291]
WARNING: [Vivado 12-584] No ports matched 'QspiCSn'. [C:/Users/jlarr/Desktop/digitales/lab-digitales/exp2/lab2_digitales/lab2_digitales.srcs/constrs_1/new/basys3.xdc:292]
Finished Parsing XDC File [C:/Users/jlarr/Desktop/digitales/lab-digitales/exp2/lab2_digitales/lab2_digitales.srcs/constrs_1/new/basys3.xdc]
WARNING: [Project 1-498] One or more constraints failed evaluation while reading constraint file [C:/Users/jlarr/Desktop/digitales/lab-digitales/exp2/lab2_digitales/lab2_digitales.srcs/constrs_1/new/basys3.xdc] and the design contains unresolved black boxes. These constraints will be read post-synthesis (as long as their source constraint file is marked as used_in_implementation) and should be applied correctly then. You should review the constraints listed in the file [.Xil/Basys3_propImpl.xdc] and check the run log file to verify that these constraints were correctly applied.
INFO: [Project 1-236] Implementation specific constraints were found while reading constraint file [C:/Users/jlarr/Desktop/digitales/lab-digitales/exp2/lab2_digitales/lab2_digitales.srcs/constrs_1/new/basys3.xdc]. These constraints will be ignored for synthesis but will be used in implementation. Impacted constraints are listed in the file [.Xil/Basys3_propImpl.xdc].
Resolution: To avoid this warning, move constraints listed in [.Xil/Basys3_propImpl.xdc] to another XDC file and exclude this new file from synthesis with the used_in_synthesis property (File Properties dialog in GUI) and re-run elaboration/synthesis.
Completed Processing XDC Constraints

INFO: [Project 1-111] Unisim Transformation Summary:
No Unisim elements were transformed.

Constraint Validation Runtime : Time (s): cpu = 00:00:00 ; elapsed = 00:00:00.003 . Memory (MB): peak = 739.305 ; gain = 0.000
---------------------------------------------------------------------------------
Finished Constraint Validation : Time (s): cpu = 00:00:14 ; elapsed = 00:00:17 . Memory (MB): peak = 739.305 ; gain = 480.910
---------------------------------------------------------------------------------
---------------------------------------------------------------------------------
Start Loading Part and Timing Information
---------------------------------------------------------------------------------
Loading part: xc7a35tcpg236-1
---------------------------------------------------------------------------------
Finished Loading Part and Timing Information : Time (s): cpu = 00:00:14 ; elapsed = 00:00:17 . Memory (MB): peak = 739.305 ; gain = 480.910
---------------------------------------------------------------------------------
---------------------------------------------------------------------------------
Start Applying 'set_property' XDC Constraints
---------------------------------------------------------------------------------
---------------------------------------------------------------------------------
Finished applying 'set_property' XDC Constraints : Time (s): cpu = 00:00:15 ; elapsed = 00:00:17 . Memory (MB): peak = 739.305 ; gain = 480.910
---------------------------------------------------------------------------------
WARNING: [Synth 8-327] inferring latch for variable 'internal_clock_reg' [C:/Users/jlarr/Desktop/digitales/lab-digitales/exp2/lab2_digitales/lab2_digitales.srcs/sources_1/new/clock_divider.v:30]
WARNING: [Synth 8-327] inferring latch for variable 'clock_divide_counter_reg' [C:/Users/jlarr/Desktop/digitales/lab-digitales/exp2/lab2_digitales/lab2_digitales.srcs/sources_1/new/clock_divider.v:29]
---------------------------------------------------------------------------------
Finished RTL Optimization Phase 2 : Time (s): cpu = 00:00:15 ; elapsed = 00:00:17 . Memory (MB): peak = 739.305 ; gain = 480.910
---------------------------------------------------------------------------------

Report RTL Partitions: 
+-+--------------+------------+----------+
| |RTL Partition |Replication |Instances |
+-+--------------+------------+----------+
+-+--------------+------------+----------+
---------------------------------------------------------------------------------
Start RTL Component Statistics 
---------------------------------------------------------------------------------
Detailed RTL Component Info : 
+---Adders : 
	   2 Input     27 Bit       Adders := 1     
	   2 Input      8 Bit       Adders := 1     
	   2 Input      2 Bit       Adders := 1     
+---Registers : 
	                8 Bit    Registers := 1     
	                2 Bit    Registers := 1     
+---Muxes : 
	   3 Input     27 Bit        Muxes := 1     
	   2 Input     23 Bit        Muxes := 1     
	  16 Input     16 Bit        Muxes := 1     
	   4 Input      8 Bit        Muxes := 1     
	   2 Input      8 Bit        Muxes := 3     
	   2 Input      2 Bit        Muxes := 1     
	   2 Input      1 Bit        Muxes := 1     
---------------------------------------------------------------------------------
Finished RTL Component Statistics 
---------------------------------------------------------------------------------
---------------------------------------------------------------------------------
Start RTL Hierarchical Component Statistics 
---------------------------------------------------------------------------------
Hierarchical RTL Component report 
Module display 
Detailed RTL Component Info : 
+---Muxes : 
	   4 Input      8 Bit        Muxes := 1     
Module clock_divider 
Detailed RTL Component Info : 
+---Adders : 
	   2 Input     27 Bit       Adders := 1     
+---Muxes : 
	   3 Input     27 Bit        Muxes := 1     
	   2 Input     23 Bit        Muxes := 1     
Module mux 
Detailed RTL Component Info : 
+---Muxes : 
	   2 Input      8 Bit        Muxes := 2     
Module cont_1 
Detailed RTL Component Info : 
+---Adders : 
	   2 Input      8 Bit       Adders := 1     
+---Registers : 
	                8 Bit    Registers := 1     
+---Muxes : 
	   2 Input      8 Bit        Muxes := 1     
	   2 Input      1 Bit        Muxes := 1     
Module cont_2 
Detailed RTL Component Info : 
+---Adders : 
	   2 Input      2 Bit       Adders := 1     
+---Registers : 
	                2 Bit    Registers := 1     
+---Muxes : 
	   2 Input      2 Bit        Muxes := 1     
Module leds_mgmt_2 
Detailed RTL Component Info : 
+---Muxes : 
	  16 Input     16 Bit        Muxes := 1     
---------------------------------------------------------------------------------
Finished RTL Hierarchical Component Statistics
---------------------------------------------------------------------------------
---------------------------------------------------------------------------------
Start Part Resource Summary
---------------------------------------------------------------------------------
Part Resources:
DSPs: 90 (col length:60)
BRAMs: 100 (col length: RAMB18 60 RAMB36 30)
---------------------------------------------------------------------------------
Finished Part Resource Summary
---------------------------------------------------------------------------------
---------------------------------------------------------------------------------
Start Cross Boundary and Area Optimization
---------------------------------------------------------------------------------
Warning: Parallel synthesis criteria is not met 
WARNING: [Synth 8-3917] design Basys3 has port seg[7] driven by constant 1
WARNING: [Synth 8-3917] design Basys3 has port an[3] driven by constant 1
WARNING: [Synth 8-3917] design Basys3 has port an[2] driven by constant 1
WARNING: [Synth 8-3917] design Basys3 has port an[1] driven by constant 1
WARNING: [Synth 8-3917] design Basys3 has port an[0] driven by constant 0
WARNING: [Synth 8-3331] design Basys3 has unconnected port JA[7]
WARNING: [Synth 8-3331] design Basys3 has unconnected port JA[6]
WARNING: [Synth 8-3331] design Basys3 has unconnected port JA[5]
WARNING: [Synth 8-3331] design Basys3 has unconnected port JA[4]
WARNING: [Synth 8-3331] design Basys3 has unconnected port JA[3]
WARNING: [Synth 8-3331] design Basys3 has unconnected port JA[2]
WARNING: [Synth 8-3331] design Basys3 has unconnected port JA[1]
WARNING: [Synth 8-3331] design Basys3 has unconnected port JA[0]
WARNING: [Synth 8-3331] design Basys3 has unconnected port clk
WARNING: [Synth 8-3331] design Basys3 has unconnected port sw[15]
WARNING: [Synth 8-3331] design Basys3 has unconnected port sw[14]
WARNING: [Synth 8-3331] design Basys3 has unconnected port sw[13]
WARNING: [Synth 8-3331] design Basys3 has unconnected port sw[12]
WARNING: [Synth 8-3331] design Basys3 has unconnected port sw[11]
WARNING: [Synth 8-3331] design Basys3 has unconnected port sw[10]
WARNING: [Synth 8-3331] design Basys3 has unconnected port sw[9]
WARNING: [Synth 8-3331] design Basys3 has unconnected port sw[8]
WARNING: [Synth 8-3331] design Basys3 has unconnected port sw[7]
WARNING: [Synth 8-3331] design Basys3 has unconnected port sw[6]
WARNING: [Synth 8-3331] design Basys3 has unconnected port sw[5]
WARNING: [Synth 8-3331] design Basys3 has unconnected port sw[4]
WARNING: [Synth 8-3331] design Basys3 has unconnected port sw[3]
WARNING: [Synth 8-3331] design Basys3 has unconnected port sw[2]
WARNING: [Synth 8-3331] design Basys3 has unconnected port sw[1]
WARNING: [Synth 8-3331] design Basys3 has unconnected port sw[0]
WARNING: [Synth 8-3331] design Basys3 has unconnected port led[15]
WARNING: [Synth 8-3331] design Basys3 has unconnected port led[14]
WARNING: [Synth 8-3331] design Basys3 has unconnected port led[13]
WARNING: [Synth 8-3331] design Basys3 has unconnected port led[12]
WARNING: [Synth 8-3331] design Basys3 has unconnected port led[11]
WARNING: [Synth 8-3331] design Basys3 has unconnected port led[10]
WARNING: [Synth 8-3331] design Basys3 has unconnected port led[9]
WARNING: [Synth 8-3331] design Basys3 has unconnected port led[8]
WARNING: [Synth 8-3331] design Basys3 has unconnected port led[7]
WARNING: [Synth 8-3331] design Basys3 has unconnected port led[6]
WARNING: [Synth 8-3331] design Basys3 has unconnected port led[5]
WARNING: [Synth 8-3331] design Basys3 has unconnected port led[4]
WARNING: [Synth 8-3331] design Basys3 has unconnected port led[3]
WARNING: [Synth 8-3331] design Basys3 has unconnected port led[2]
WARNING: [Synth 8-3331] design Basys3 has unconnected port led[1]
WARNING: [Synth 8-3331] design Basys3 has unconnected port led[0]
WARNING: [Synth 8-3331] design Basys3 has unconnected port btn[4]
WARNING: [Synth 8-3331] design Basys3 has unconnected port btn[3]
WARNING: [Synth 8-3331] design Basys3 has unconnected port btn[2]
WARNING: [Synth 8-3331] design Basys3 has unconnected port btn[1]
WARNING: [Synth 8-3332] Sequential element (nolabel_line29/internal_clock_reg) is unused and will be removed from module Basys3.
WARNING: [Synth 8-3332] Sequential element (nolabel_line29/clock_divide_counter_reg[26]) is unused and will be removed from module Basys3.
WARNING: [Synth 8-3332] Sequential element (nolabel_line29/clock_divide_counter_reg[25]) is unused and will be removed from module Basys3.
WARNING: [Synth 8-3332] Sequential element (nolabel_line29/clock_divide_counter_reg[24]) is unused and will be removed from module Basys3.
WARNING: [Synth 8-3332] Sequential element (nolabel_line29/clock_divide_counter_reg[23]) is unused and will be removed from module Basys3.
WARNING: [Synth 8-3332] Sequential element (nolabel_line29/clock_divide_counter_reg[22]) is unused and will be removed from module Basys3.
WARNING: [Synth 8-3332] Sequential element (nolabel_line29/clock_divide_counter_reg[21]) is unused and will be removed from module Basys3.
WARNING: [Synth 8-3332] Sequential element (nolabel_line29/clock_divide_counter_reg[20]) is unused and will be removed from module Basys3.
WARNING: [Synth 8-3332] Sequential element (nolabel_line29/clock_divide_counter_reg[19]) is unused and will be removed from module Basys3.
WARNING: [Synth 8-3332] Sequential element (nolabel_line29/clock_divide_counter_reg[18]) is unused and will be removed from module Basys3.
WARNING: [Synth 8-3332] Sequential element (nolabel_line29/clock_divide_counter_reg[17]) is unused and will be removed from module Basys3.
WARNING: [Synth 8-3332] Sequential element (nolabel_line29/clock_divide_counter_reg[16]) is unused and will be removed from module Basys3.
WARNING: [Synth 8-3332] Sequential element (nolabel_line29/clock_divide_counter_reg[15]) is unused and will be removed from module Basys3.
WARNING: [Synth 8-3332] Sequential element (nolabel_line29/clock_divide_counter_reg[14]) is unused and will be removed from module Basys3.
WARNING: [Synth 8-3332] Sequential element (nolabel_line29/clock_divide_counter_reg[13]) is unused and will be removed from module Basys3.
WARNING: [Synth 8-3332] Sequential element (nolabel_line29/clock_divide_counter_reg[12]) is unused and will be removed from module Basys3.
WARNING: [Synth 8-3332] Sequential element (nolabel_line29/clock_divide_counter_reg[11]) is unused and will be removed from module Basys3.
WARNING: [Synth 8-3332] Sequential element (nolabel_line29/clock_divide_counter_reg[10]) is unused and will be removed from module Basys3.
WARNING: [Synth 8-3332] Sequential element (nolabel_line29/clock_divide_counter_reg[9]) is unused and will be removed from module Basys3.
WARNING: [Synth 8-3332] Sequential element (nolabel_line29/clock_divide_counter_reg[8]) is unused and will be removed from module Basys3.
WARNING: [Synth 8-3332] Sequential element (nolabel_line29/clock_divide_counter_reg[7]) is unused and will be removed from module Basys3.
WARNING: [Synth 8-3332] Sequential element (nolabel_line29/clock_divide_counter_reg[6]) is unused and will be removed from module Basys3.
WARNING: [Synth 8-3332] Sequential element (nolabel_line29/clock_divide_counter_reg[5]) is unused and will be removed from module Basys3.
WARNING: [Synth 8-3332] Sequential element (nolabel_line29/clock_divide_counter_reg[4]) is unused and will be removed from module Basys3.
WARNING: [Synth 8-3332] Sequential element (nolabel_line29/clock_divide_counter_reg[3]) is unused and will be removed from module Basys3.
WARNING: [Synth 8-3332] Sequential element (nolabel_line29/clock_divide_counter_reg[2]) is unused and will be removed from module Basys3.
WARNING: [Synth 8-3332] Sequential element (nolabel_line29/clock_divide_counter_reg[1]) is unused and will be removed from module Basys3.
WARNING: [Synth 8-3332] Sequential element (nolabel_line29/clock_divide_counter_reg[0]) is unused and will be removed from module Basys3.
---------------------------------------------------------------------------------
Finished Cross Boundary and Area Optimization : Time (s): cpu = 00:00:16 ; elapsed = 00:00:18 . Memory (MB): peak = 739.305 ; gain = 480.910
---------------------------------------------------------------------------------

Report RTL Partitions: 
+-+--------------+------------+----------+
| |RTL Partition |Replication |Instances |
+-+--------------+------------+----------+
+-+--------------+------------+----------+
