#-----------------------------------------------------------
# Vivado v2018.2 (64-bit)
# SW Build 2258646 on Thu Jun 14 20:03:12 MDT 2018
# IP Build 2256618 on Thu Jun 14 22:10:49 MDT 2018
# Start of session at: Tue Sep 11 19:13:25 2018
# Process ID: 8992
# Current directory: D:/University/Engineering/8th semester/Digital Lab/lab-digitales/exp2/lab2_digitales
# Command line: vivado.exe -gui_launcher_event rodinguilauncherevent16040 D:\University\Engineering\8th semester\Digital Lab\lab-digitales\exp2\lab2_digitales\lab2_digitales.xpr
# Log file: D:/University/Engineering/8th semester/Digital Lab/lab-digitales/exp2/lab2_digitales/vivado.log
# Journal file: D:/University/Engineering/8th semester/Digital Lab/lab-digitales/exp2/lab2_digitales\vivado.jou
#-----------------------------------------------------------
start_gui
open_project {D:/University/Engineering/8th semester/Digital Lab/lab-digitales/exp2/lab2_digitales/lab2_digitales.xpr}
INFO: [ProjectBase 1-489] The host OS only allows 260 characters in a normal path. The project is stored in a path with more than 80 characters. If you experience issues with IP, Block Designs, or files not being found, please consider moving the project to a location with a shorter path. Alternately consider using the OS subst command to map part of the path to a drive letter.
Current project path is 'D:/University/Engineering/8th semester/Digital Lab/lab-digitales/exp2/lab2_digitales'
Scanning sources...
Finished scanning sources
INFO: [IP_Flow 19-234] Refreshing IP repositories
INFO: [IP_Flow 19-1704] No user IP repositories specified
INFO: [IP_Flow 19-2313] Loaded Vivado IP repository 'D:/Programs/Vivado/Vivado/2018.2/data/ip'.
open_project: Time (s): cpu = 00:00:10 ; elapsed = 00:00:12 . Memory (MB): peak = 793.383 ; gain = 27.570
update_compile_order -fileset sources_1
exit
INFO: [Common 17-206] Exiting Vivado at Tue Sep 11 19:21:16 2018...
