#-----------------------------------------------------------
# Vivado v2018.2 (64-bit)
# SW Build 2258646 on Thu Jun 14 20:03:12 MDT 2018
# IP Build 2256618 on Thu Jun 14 22:10:49 MDT 2018
# Start of session at: Tue Sep 11 19:21:26 2018
# Process ID: 15592
# Current directory: D:/University/Engineering/8th semester/Digital Lab/lab-digitales/exp2/lab2_digitales
# Command line: vivado.exe -gui_launcher_event rodinguilauncherevent9528 D:\University\Engineering\8th semester\Digital Lab\lab-digitales\exp2\lab2_digitales\lab2_digitales.xpr
# Log file: D:/University/Engineering/8th semester/Digital Lab/lab-digitales/exp2/lab2_digitales/vivado.log
# Journal file: D:/University/Engineering/8th semester/Digital Lab/lab-digitales/exp2/lab2_digitales\vivado.jou
#-----------------------------------------------------------
start_gui
open_project {D:/University/Engineering/8th semester/Digital Lab/lab-digitales/exp2/lab2_digitales/lab2_digitales.xpr}
INFO: [ProjectBase 1-489] The host OS only allows 260 characters in a normal path. The project is stored in a path with more than 80 characters. If you experience issues with IP, Block Designs, or files not being found, please consider moving the project to a location with a shorter path. Alternately consider using the OS subst command to map part of the path to a drive letter.
Current project path is 'D:/University/Engineering/8th semester/Digital Lab/lab-digitales/exp2/lab2_digitales'
INFO: [Project 1-313] Project file moved from 'C:/Users/jlarr/Desktop/digitales/lab-digitales/exp2/lab2_digitales' since last save.
Scanning sources...
Finished scanning sources
INFO: [IP_Flow 19-234] Refreshing IP repositories
INFO: [IP_Flow 19-1704] No user IP repositories specified
INFO: [IP_Flow 19-2313] Loaded Vivado IP repository 'D:/Programs/Vivado/Vivado/2018.2/data/ip'.
open_project: Time (s): cpu = 00:00:15 ; elapsed = 00:00:07 . Memory (MB): peak = 893.117 ; gain = 166.035
update_compile_order -fileset sources_1
reset_run synth_1
launch_runs impl_1 -to_step write_bitstream -jobs 2
[Tue Sep 11 19:22:04 2018] Launched synth_1...
Run output will be captured here: D:/University/Engineering/8th semester/Digital Lab/lab-digitales/exp2/lab2_digitales/lab2_digitales.runs/synth_1/runme.log
[Tue Sep 11 19:22:04 2018] Launched impl_1...
Run output will be captured here: D:/University/Engineering/8th semester/Digital Lab/lab-digitales/exp2/lab2_digitales/lab2_digitales.runs/impl_1/runme.log
open_hw
connect_hw_server
INFO: [Labtools 27-2285] Connecting to hw_server url TCP:localhost:3121
INFO: [Labtools 27-2222] Launching hw_server...
INFO: [Labtools 27-2221] Launch Output:

****** Xilinx hw_server v2018.2
  **** Build date : Jun 14 2018-20:42:52
    ** Copyright 1986-2018 Xilinx, Inc. All Rights Reserved.


open_hw_target
INFO: [Labtoolstcl 44-466] Opening hw_target localhost:3121/xilinx_tcf/Digilent/210183698667A
set_property PROGRAM.FILE {D:/University/Engineering/8th semester/Digital Lab/lab-digitales/exp2/lab2_digitales/lab2_digitales.runs/impl_1/Basys3.bit} [get_hw_devices xc7a35t_0]
current_hw_device [get_hw_devices xc7a35t_0]
refresh_hw_device -update_hw_probes false [lindex [get_hw_devices xc7a35t_0] 0]
INFO: [Labtools 27-1434] Device xc7a35t (JTAG device index = 0) is programmed with a design that has no supported debug core(s) in it.
WARNING: [Labtools 27-3361] The debug hub core was not detected.
Resolution: 
1. Make sure the clock connected to the debug hub (dbg_hub) core is a free running clock and is active.
2. Make sure the BSCAN_SWITCH_USER_MASK device property in Vivado Hardware Manager reflects the user scan chain setting in the design and refresh the device.  To determine the user scan chain setting in the design, open the implemented design and use 'get_property C_USER_SCAN_CHAIN [get_debug_cores dbg_hub]'.
For more details on setting the scan chain property, consult the Vivado Debug and Programming User Guide (UG908).
set_property PROBES.FILE {} [get_hw_devices xc7a35t_0]
set_property FULL_PROBES.FILE {} [get_hw_devices xc7a35t_0]
set_property PROGRAM.FILE {D:/University/Engineering/8th semester/Digital Lab/lab-digitales/exp2/lab2_digitales/lab2_digitales.runs/impl_1/Basys3.bit} [get_hw_devices xc7a35t_0]
program_hw_devices [get_hw_devices xc7a35t_0]
INFO: [Labtools 27-3164] End of startup status: HIGH
refresh_hw_device [lindex [get_hw_devices xc7a35t_0] 0]
INFO: [Labtools 27-1434] Device xc7a35t (JTAG device index = 0) is programmed with a design that has no supported debug core(s) in it.
WARNING: [Labtools 27-3361] The debug hub core was not detected.
Resolution: 
1. Make sure the clock connected to the debug hub (dbg_hub) core is a free running clock and is active.
2. Make sure the BSCAN_SWITCH_USER_MASK device property in Vivado Hardware Manager reflects the user scan chain setting in the design and refresh the device.  To determine the user scan chain setting in the design, open the implemented design and use 'get_property C_USER_SCAN_CHAIN [get_debug_cores dbg_hub]'.
For more details on setting the scan chain property, consult the Vivado Debug and Programming User Guide (UG908).
reset_run synth_1
launch_runs impl_1 -to_step write_bitstream -jobs 2
[Tue Sep 11 19:33:50 2018] Launched synth_1...
Run output will be captured here: D:/University/Engineering/8th semester/Digital Lab/lab-digitales/exp2/lab2_digitales/lab2_digitales.runs/synth_1/runme.log
[Tue Sep 11 19:33:50 2018] Launched impl_1...
Run output will be captured here: D:/University/Engineering/8th semester/Digital Lab/lab-digitales/exp2/lab2_digitales/lab2_digitales.runs/impl_1/runme.log
set_property PROBES.FILE {} [get_hw_devices xc7a35t_0]
set_property FULL_PROBES.FILE {} [get_hw_devices xc7a35t_0]
set_property PROGRAM.FILE {D:/University/Engineering/8th semester/Digital Lab/lab-digitales/exp2/lab2_digitales/lab2_digitales.runs/impl_1/Basys3.bit} [get_hw_devices xc7a35t_0]
program_hw_devices [get_hw_devices xc7a35t_0]
INFO: [Labtools 27-3164] End of startup status: HIGH
refresh_hw_device [lindex [get_hw_devices xc7a35t_0] 0]
INFO: [Labtools 27-1434] Device xc7a35t (JTAG device index = 0) is programmed with a design that has no supported debug core(s) in it.
WARNING: [Labtools 27-3361] The debug hub core was not detected.
Resolution: 
1. Make sure the clock connected to the debug hub (dbg_hub) core is a free running clock and is active.
2. Make sure the BSCAN_SWITCH_USER_MASK device property in Vivado Hardware Manager reflects the user scan chain setting in the design and refresh the device.  To determine the user scan chain setting in the design, open the implemented design and use 'get_property C_USER_SCAN_CHAIN [get_debug_cores dbg_hub]'.
For more details on setting the scan chain property, consult the Vivado Debug and Programming User Guide (UG908).
reset_run impl_1 -prev_step 
launch_runs impl_1 -to_step write_bitstream -jobs 2
WARNING: [Vivado 12-872] Run step 'Design Initialization' is out-of-date.
[Tue Sep 11 19:39:06 2018] Launched impl_1...
Run output will be captured here: D:/University/Engineering/8th semester/Digital Lab/lab-digitales/exp2/lab2_digitales/lab2_digitales.runs/impl_1/runme.log
set_property PROBES.FILE {} [get_hw_devices xc7a35t_0]
set_property FULL_PROBES.FILE {} [get_hw_devices xc7a35t_0]
set_property PROGRAM.FILE {D:/University/Engineering/8th semester/Digital Lab/lab-digitales/exp2/lab2_digitales/lab2_digitales.runs/impl_1/Basys3.bit} [get_hw_devices xc7a35t_0]
program_hw_devices [get_hw_devices xc7a35t_0]
INFO: [Labtools 27-3164] End of startup status: HIGH
refresh_hw_device [lindex [get_hw_devices xc7a35t_0] 0]
INFO: [Labtools 27-1434] Device xc7a35t (JTAG device index = 0) is programmed with a design that has no supported debug core(s) in it.
WARNING: [Labtools 27-3361] The debug hub core was not detected.
Resolution: 
1. Make sure the clock connected to the debug hub (dbg_hub) core is a free running clock and is active.
2. Make sure the BSCAN_SWITCH_USER_MASK device property in Vivado Hardware Manager reflects the user scan chain setting in the design and refresh the device.  To determine the user scan chain setting in the design, open the implemented design and use 'get_property C_USER_SCAN_CHAIN [get_debug_cores dbg_hub]'.
For more details on setting the scan chain property, consult the Vivado Debug and Programming User Guide (UG908).
reset_run synth_1
launch_runs impl_1 -to_step write_bitstream -jobs 2
[Tue Sep 11 19:41:00 2018] Launched synth_1...
Run output will be captured here: D:/University/Engineering/8th semester/Digital Lab/lab-digitales/exp2/lab2_digitales/lab2_digitales.runs/synth_1/runme.log
[Tue Sep 11 19:41:00 2018] Launched impl_1...
Run output will be captured here: D:/University/Engineering/8th semester/Digital Lab/lab-digitales/exp2/lab2_digitales/lab2_digitales.runs/impl_1/runme.log
reset_run synth_1
launch_runs impl_1 -to_step write_bitstream -jobs 2
[Tue Sep 11 19:45:33 2018] Launched synth_1...
Run output will be captured here: D:/University/Engineering/8th semester/Digital Lab/lab-digitales/exp2/lab2_digitales/lab2_digitales.runs/synth_1/runme.log
[Tue Sep 11 19:45:33 2018] Launched impl_1...
Run output will be captured here: D:/University/Engineering/8th semester/Digital Lab/lab-digitales/exp2/lab2_digitales/lab2_digitales.runs/impl_1/runme.log
reset_run impl_1
launch_runs impl_1 -jobs 2
[Tue Sep 11 19:46:37 2018] Launched impl_1...
Run output will be captured here: D:/University/Engineering/8th semester/Digital Lab/lab-digitales/exp2/lab2_digitales/lab2_digitales.runs/impl_1/runme.log
reset_run impl_1
launch_runs impl_1 -jobs 2
[Tue Sep 11 20:10:58 2018] Launched impl_1...
Run output will be captured here: D:/University/Engineering/8th semester/Digital Lab/lab-digitales/exp2/lab2_digitales/lab2_digitales.runs/impl_1/runme.log
reset_run impl_1 -prev_step 
launch_runs impl_1 -to_step write_bitstream -jobs 2
[Tue Sep 11 20:13:48 2018] Launched impl_1...
Run output will be captured here: D:/University/Engineering/8th semester/Digital Lab/lab-digitales/exp2/lab2_digitales/lab2_digitales.runs/impl_1/runme.log
reset_run impl_1
reset_run synth_1
launch_runs impl_1 -to_step write_bitstream -jobs 2
[Tue Sep 11 20:16:19 2018] Launched synth_1...
Run output will be captured here: D:/University/Engineering/8th semester/Digital Lab/lab-digitales/exp2/lab2_digitales/lab2_digitales.runs/synth_1/runme.log
[Tue Sep 11 20:16:19 2018] Launched impl_1...
Run output will be captured here: D:/University/Engineering/8th semester/Digital Lab/lab-digitales/exp2/lab2_digitales/lab2_digitales.runs/impl_1/runme.log
WARNING: [filemgmt 56-199] Attempt to get parsing info during refresh. "On-the-fly" syntax checking information may be incorrect. [D:/University/Engineering/8th semester/Digital Lab/lab-digitales/exp2/lab2_digitales/lab2_digitales.srcs/sources_1/new/Basys3.v:]
WARNING: [filemgmt 56-199] Attempt to get parsing info during refresh. "On-the-fly" syntax checking information may be incorrect. [D:/University/Engineering/8th semester/Digital Lab/lab-digitales/exp2/lab2_digitales/lab2_digitales.srcs/sources_1/new/memoria.v:]
WARNING: [filemgmt 56-199] Attempt to get parsing info during refresh. "On-the-fly" syntax checking information may be incorrect. [D:/University/Engineering/8th semester/Digital Lab/lab-digitales/exp2/lab2_digitales/lab2_digitales.srcs/sources_1/new/display.v:]
WARNING: [filemgmt 56-199] Attempt to get parsing info during refresh. "On-the-fly" syntax checking information may be incorrect. [D:/University/Engineering/8th semester/Digital Lab/lab-digitales/exp2/lab2_digitales/lab2_digitales.srcs/sources_1/new/cont_2.v:]
WARNING: [filemgmt 56-199] Attempt to get parsing info during refresh. "On-the-fly" syntax checking information may be incorrect. [D:/University/Engineering/8th semester/Digital Lab/lab-digitales/exp2/lab2_digitales/lab2_digitales.srcs/sources_1/new/debouncer.v:]
WARNING: [filemgmt 56-199] Attempt to get parsing info during refresh. "On-the-fly" syntax checking information may be incorrect. [D:/University/Engineering/8th semester/Digital Lab/lab-digitales/exp2/lab2_digitales/lab2_digitales.srcs/sources_1/new/clock_divider.v:]
WARNING: [filemgmt 56-199] Attempt to get parsing info during refresh. "On-the-fly" syntax checking information may be incorrect. [D:/University/Engineering/8th semester/Digital Lab/lab-digitales/exp2/lab2_digitales/lab2_digitales.srcs/sources_1/new/Basys3.v:]
WARNING: [filemgmt 56-199] Attempt to get parsing info during refresh. "On-the-fly" syntax checking information may be incorrect. [D:/University/Engineering/8th semester/Digital Lab/lab-digitales/exp2/lab2_digitales/lab2_digitales.srcs/sources_1/new/memoria.v:]
WARNING: [filemgmt 56-199] Attempt to get parsing info during refresh. "On-the-fly" syntax checking information may be incorrect. [D:/University/Engineering/8th semester/Digital Lab/lab-digitales/exp2/lab2_digitales/lab2_digitales.srcs/sources_1/new/display.v:]
WARNING: [filemgmt 56-199] Attempt to get parsing info during refresh. "On-the-fly" syntax checking information may be incorrect. [D:/University/Engineering/8th semester/Digital Lab/lab-digitales/exp2/lab2_digitales/lab2_digitales.srcs/sources_1/new/cont_2.v:]
WARNING: [filemgmt 56-199] Attempt to get parsing info during refresh. "On-the-fly" syntax checking information may be incorrect. [D:/University/Engineering/8th semester/Digital Lab/lab-digitales/exp2/lab2_digitales/lab2_digitales.srcs/sources_1/new/debouncer.v:]
WARNING: [filemgmt 56-199] Attempt to get parsing info during refresh. "On-the-fly" syntax checking information may be incorrect. [D:/University/Engineering/8th semester/Digital Lab/lab-digitales/exp2/lab2_digitales/lab2_digitales.srcs/sources_1/new/clock_divider.v:]
WARNING: [filemgmt 56-199] Attempt to get parsing info during refresh. "On-the-fly" syntax checking information may be incorrect. [D:/University/Engineering/8th semester/Digital Lab/lab-digitales/exp2/lab2_digitales/lab2_digitales.srcs/sources_1/new/Basys3.v:]
WARNING: [filemgmt 56-199] Attempt to get parsing info during refresh. "On-the-fly" syntax checking information may be incorrect. [D:/University/Engineering/8th semester/Digital Lab/lab-digitales/exp2/lab2_digitales/lab2_digitales.srcs/sources_1/new/memoria.v:]
WARNING: [filemgmt 56-199] Attempt to get parsing info during refresh. "On-the-fly" syntax checking information may be incorrect. [D:/University/Engineering/8th semester/Digital Lab/lab-digitales/exp2/lab2_digitales/lab2_digitales.srcs/sources_1/new/display.v:]
WARNING: [filemgmt 56-199] Attempt to get parsing info during refresh. "On-the-fly" syntax checking information may be incorrect. [D:/University/Engineering/8th semester/Digital Lab/lab-digitales/exp2/lab2_digitales/lab2_digitales.srcs/sources_1/new/cont_2.v:]
WARNING: [filemgmt 56-199] Attempt to get parsing info during refresh. "On-the-fly" syntax checking information may be incorrect. [D:/University/Engineering/8th semester/Digital Lab/lab-digitales/exp2/lab2_digitales/lab2_digitales.srcs/sources_1/new/debouncer.v:]
WARNING: [filemgmt 56-199] Attempt to get parsing info during refresh. "On-the-fly" syntax checking information may be incorrect. [D:/University/Engineering/8th semester/Digital Lab/lab-digitales/exp2/lab2_digitales/lab2_digitales.srcs/sources_1/new/clock_divider.v:]
WARNING: [filemgmt 56-199] Attempt to get parsing info during refresh. "On-the-fly" syntax checking information may be incorrect. [D:/University/Engineering/8th semester/Digital Lab/lab-digitales/exp2/lab2_digitales/lab2_digitales.srcs/sources_1/new/Basys3.v:]
WARNING: [filemgmt 56-199] Attempt to get parsing info during refresh. "On-the-fly" syntax checking information may be incorrect. [D:/University/Engineering/8th semester/Digital Lab/lab-digitales/exp2/lab2_digitales/lab2_digitales.srcs/sources_1/new/memoria.v:]
WARNING: [filemgmt 56-199] Attempt to get parsing info during refresh. "On-the-fly" syntax checking information may be incorrect. [D:/University/Engineering/8th semester/Digital Lab/lab-digitales/exp2/lab2_digitales/lab2_digitales.srcs/sources_1/new/display.v:]
WARNING: [filemgmt 56-199] Attempt to get parsing info during refresh. "On-the-fly" syntax checking information may be incorrect. [D:/University/Engineering/8th semester/Digital Lab/lab-digitales/exp2/lab2_digitales/lab2_digitales.srcs/sources_1/new/cont_2.v:]
WARNING: [filemgmt 56-199] Attempt to get parsing info during refresh. "On-the-fly" syntax checking information may be incorrect. [D:/University/Engineering/8th semester/Digital Lab/lab-digitales/exp2/lab2_digitales/lab2_digitales.srcs/sources_1/new/debouncer.v:]
WARNING: [filemgmt 56-199] Attempt to get parsing info during refresh. "On-the-fly" syntax checking information may be incorrect. [D:/University/Engineering/8th semester/Digital Lab/lab-digitales/exp2/lab2_digitales/lab2_digitales.srcs/sources_1/new/clock_divider.v:]
create_run synth_2 -flow {Vivado Synthesis 2018} -strategy {Vivado Synthesis Defaults} -report_strategy {Vivado Synthesis Default Reports}
Run is defaulting to srcset: sources_1
Run is defaulting to constrset: constrs_1
Run is defaulting to part: xc7a35tcpg236-1
current_run [get_runs synth_2]
set_property strategy Flow_RuntimeOptimized [get_runs synth_2]
set_property strategy Flow_RuntimeOptimized [get_runs impl_1]
launch_runs impl_2 -to_step write_bitstream -jobs 2
[Tue Sep 11 20:17:51 2018] Launched synth_2...
Run output will be captured here: D:/University/Engineering/8th semester/Digital Lab/lab-digitales/exp2/lab2_digitales/lab2_digitales.runs/synth_2/runme.log
[Tue Sep 11 20:17:51 2018] Launched impl_2...
Run output will be captured here: D:/University/Engineering/8th semester/Digital Lab/lab-digitales/exp2/lab2_digitales/lab2_digitales.runs/impl_2/runme.log
reset_run impl_2
reset_run synth_2
launch_runs impl_2 -to_step write_bitstream -jobs 2
[Tue Sep 11 20:20:23 2018] Launched synth_2...
Run output will be captured here: D:/University/Engineering/8th semester/Digital Lab/lab-digitales/exp2/lab2_digitales/lab2_digitales.runs/synth_2/runme.log
[Tue Sep 11 20:20:23 2018] Launched impl_2...
Run output will be captured here: D:/University/Engineering/8th semester/Digital Lab/lab-digitales/exp2/lab2_digitales/lab2_digitales.runs/impl_2/runme.log
reset_run synth_2
launch_runs impl_2 -to_step write_bitstream -jobs 2
[Tue Sep 11 20:26:12 2018] Launched synth_2...
Run output will be captured here: D:/University/Engineering/8th semester/Digital Lab/lab-digitales/exp2/lab2_digitales/lab2_digitales.runs/synth_2/runme.log
[Tue Sep 11 20:26:12 2018] Launched impl_2...
Run output will be captured here: D:/University/Engineering/8th semester/Digital Lab/lab-digitales/exp2/lab2_digitales/lab2_digitales.runs/impl_2/runme.log
reset_run synth_2
launch_runs impl_2 -to_step write_bitstream -jobs 2
[Tue Sep 11 20:31:24 2018] Launched synth_2...
Run output will be captured here: D:/University/Engineering/8th semester/Digital Lab/lab-digitales/exp2/lab2_digitales/lab2_digitales.runs/synth_2/runme.log
[Tue Sep 11 20:31:24 2018] Launched impl_2...
Run output will be captured here: D:/University/Engineering/8th semester/Digital Lab/lab-digitales/exp2/lab2_digitales/lab2_digitales.runs/impl_2/runme.log
reset_run synth_2
launch_runs impl_2 -to_step write_bitstream -jobs 2
[Tue Sep 11 20:34:58 2018] Launched synth_2...
Run output will be captured here: D:/University/Engineering/8th semester/Digital Lab/lab-digitales/exp2/lab2_digitales/lab2_digitales.runs/synth_2/runme.log
[Tue Sep 11 20:34:58 2018] Launched impl_2...
Run output will be captured here: D:/University/Engineering/8th semester/Digital Lab/lab-digitales/exp2/lab2_digitales/lab2_digitales.runs/impl_2/runme.log
reset_run synth_2
launch_runs impl_2 -to_step write_bitstream -jobs 2
[Tue Sep 11 20:39:28 2018] Launched synth_2...
Run output will be captured here: D:/University/Engineering/8th semester/Digital Lab/lab-digitales/exp2/lab2_digitales/lab2_digitales.runs/synth_2/runme.log
[Tue Sep 11 20:39:28 2018] Launched impl_2...
Run output will be captured here: D:/University/Engineering/8th semester/Digital Lab/lab-digitales/exp2/lab2_digitales/lab2_digitales.runs/impl_2/runme.log
ERROR: [Labtoolstcl 44-513] HW Target shutdown. Closing target: localhost:3121/xilinx_tcf/Digilent/210183698667A
exit
INFO: [Common 17-206] Exiting Vivado at Tue Sep 11 21:16:26 2018...
