
*** Running vivado
    with args -log main.vds -m64 -product Vivado -mode batch -messageDb vivado.pb -notrace -source main.tcl


****** Vivado v2018.2 (64-bit)
  **** SW Build 2258646 on Thu Jun 14 20:03:12 MDT 2018
  **** IP Build 2256618 on Thu Jun 14 22:10:49 MDT 2018
    ** Copyright 1986-2018 Xilinx, Inc. All Rights Reserved.

source main.tcl -notrace
Command: synth_design -top main -part xc7a35tcpg236-1 -effort_level quick
WARNING: [Vivado_Tcl 4-135] The effort_level switch has been deprecated. Please use the -directive switch. Processing will continue in the default mode.
Starting synth_design
Attempting to get a license for feature 'Synthesis' and/or device 'xc7a35t'
INFO: [Common 17-349] Got license for feature 'Synthesis' and/or device 'xc7a35t'
INFO: Launching helper process for spawning children vivado processes
INFO: Helper process launched with PID 12944 
---------------------------------------------------------------------------------
Starting RTL Elaboration : Time (s): cpu = 00:00:02 ; elapsed = 00:00:02 . Memory (MB): peak = 357.441 ; gain = 99.055
---------------------------------------------------------------------------------
INFO: [Synth 8-6157] synthesizing module 'main' [D:/University/Engineering/8th semester/Digital Lab/lab-digitales/exp4/lab4.srcs/sources_1/new/main_2.v:3]
INFO: [Synth 8-6157] synthesizing module 'display_floor' [D:/University/Engineering/8th semester/Digital Lab/lab-digitales/exp4/lab4.srcs/sources_1/new/display_floor.v:6]
INFO: [Synth 8-6155] done synthesizing module 'display_floor' (1#1) [D:/University/Engineering/8th semester/Digital Lab/lab-digitales/exp4/lab4.srcs/sources_1/new/display_floor.v:6]
INFO: [Synth 8-6155] done synthesizing module 'main' (2#1) [D:/University/Engineering/8th semester/Digital Lab/lab-digitales/exp4/lab4.srcs/sources_1/new/main_2.v:3]
WARNING: [Synth 8-3331] design display_floor has unconnected port pos_1[0]
WARNING: [Synth 8-3331] design display_floor has unconnected port pos_2[0]
WARNING: [Synth 8-3331] design main has unconnected port sw[15]
WARNING: [Synth 8-3331] design main has unconnected port sw[14]
WARNING: [Synth 8-3331] design main has unconnected port sw[13]
WARNING: [Synth 8-3331] design main has unconnected port sw[12]
WARNING: [Synth 8-3331] design main has unconnected port sw[11]
WARNING: [Synth 8-3331] design main has unconnected port sw[10]
WARNING: [Synth 8-3331] design main has unconnected port sw[9]
WARNING: [Synth 8-3331] design main has unconnected port sw[8]
WARNING: [Synth 8-3331] design main has unconnected port sw[7]
WARNING: [Synth 8-3331] design main has unconnected port sw[6]
WARNING: [Synth 8-3331] design main has unconnected port sw[5]
WARNING: [Synth 8-3331] design main has unconnected port sw[4]
WARNING: [Synth 8-3331] design main has unconnected port sw[3]
---------------------------------------------------------------------------------
Finished RTL Elaboration : Time (s): cpu = 00:00:03 ; elapsed = 00:00:03 . Memory (MB): peak = 412.297 ; gain = 153.910
---------------------------------------------------------------------------------

Report Check Netlist: 
+------+------------------+-------+---------+-------+------------------+
|      |Item              |Errors |Warnings |Status |Description       |
+------+------------------+-------+---------+-------+------------------+
|1     |multi_driven_nets |      0|        0|Passed |Multi driven nets |
+------+------------------+-------+---------+-------+------------------+
---------------------------------------------------------------------------------
Start Handling Custom Attributes
---------------------------------------------------------------------------------
---------------------------------------------------------------------------------
Finished Handling Custom Attributes : Time (s): cpu = 00:00:03 ; elapsed = 00:00:03 . Memory (MB): peak = 412.297 ; gain = 153.910
---------------------------------------------------------------------------------
---------------------------------------------------------------------------------
Finished RTL Optimization Phase 1 : Time (s): cpu = 00:00:03 ; elapsed = 00:00:03 . Memory (MB): peak = 412.297 ; gain = 153.910
---------------------------------------------------------------------------------
INFO: [Device 21-403] Loading part xc7a35tcpg236-1
INFO: [Project 1-570] Preparing netlist for logic optimization

Processing XDC Constraints
Initializing timing engine
Parsing XDC File [D:/University/Engineering/8th semester/Digital Lab/lab-digitales/exp4/lab4.srcs/constrs_1/new/basys.xdc]
WARNING: [Vivado 12-584] No ports matched 'led[0]'. [D:/University/Engineering/8th semester/Digital Lab/lab-digitales/exp4/lab4.srcs/constrs_1/new/basys.xdc:47]
CRITICAL WARNING: [Common 17-55] 'set_property' expects at least one object. [D:/University/Engineering/8th semester/Digital Lab/lab-digitales/exp4/lab4.srcs/constrs_1/new/basys.xdc:47]
Resolution: If [get_<value>] was used to populate the object, check to make sure this command returns at least one valid object.
WARNING: [Vivado 12-584] No ports matched 'led[0]'. [D:/University/Engineering/8th semester/Digital Lab/lab-digitales/exp4/lab4.srcs/constrs_1/new/basys.xdc:48]
CRITICAL WARNING: [Common 17-55] 'set_property' expects at least one object. [D:/University/Engineering/8th semester/Digital Lab/lab-digitales/exp4/lab4.srcs/constrs_1/new/basys.xdc:48]
Resolution: If [get_<value>] was used to populate the object, check to make sure this command returns at least one valid object.
WARNING: [Vivado 12-584] No ports matched 'led[1]'. [D:/University/Engineering/8th semester/Digital Lab/lab-digitales/exp4/lab4.srcs/constrs_1/new/basys.xdc:49]
CRITICAL WARNING: [Common 17-55] 'set_property' expects at least one object. [D:/University/Engineering/8th semester/Digital Lab/lab-digitales/exp4/lab4.srcs/constrs_1/new/basys.xdc:49]
Resolution: If [get_<value>] was used to populate the object, check to make sure this command returns at least one valid object.
WARNING: [Vivado 12-584] No ports matched 'led[1]'. [D:/University/Engineering/8th semester/Digital Lab/lab-digitales/exp4/lab4.srcs/constrs_1/new/basys.xdc:50]
CRITICAL WARNING: [Common 17-55] 'set_property' expects at least one object. [D:/University/Engineering/8th semester/Digital Lab/lab-digitales/exp4/lab4.srcs/constrs_1/new/basys.xdc:50]
Resolution: If [get_<value>] was used to populate the object, check to make sure this command returns at least one valid object.
WARNING: [Vivado 12-584] No ports matched 'led[2]'. [D:/University/Engineering/8th semester/Digital Lab/lab-digitales/exp4/lab4.srcs/constrs_1/new/basys.xdc:51]
CRITICAL WARNING: [Common 17-55] 'set_property' expects at least one object. [D:/University/Engineering/8th semester/Digital Lab/lab-digitales/exp4/lab4.srcs/constrs_1/new/basys.xdc:51]
Resolution: If [get_<value>] was used to populate the object, check to make sure this command returns at least one valid object.
WARNING: [Vivado 12-584] No ports matched 'led[2]'. [D:/University/Engineering/8th semester/Digital Lab/lab-digitales/exp4/lab4.srcs/constrs_1/new/basys.xdc:52]
CRITICAL WARNING: [Common 17-55] 'set_property' expects at least one object. [D:/University/Engineering/8th semester/Digital Lab/lab-digitales/exp4/lab4.srcs/constrs_1/new/basys.xdc:52]
Resolution: If [get_<value>] was used to populate the object, check to make sure this command returns at least one valid object.
WARNING: [Vivado 12-584] No ports matched 'led[3]'. [D:/University/Engineering/8th semester/Digital Lab/lab-digitales/exp4/lab4.srcs/constrs_1/new/basys.xdc:53]
CRITICAL WARNING: [Common 17-55] 'set_property' expects at least one object. [D:/University/Engineering/8th semester/Digital Lab/lab-digitales/exp4/lab4.srcs/constrs_1/new/basys.xdc:53]
Resolution: If [get_<value>] was used to populate the object, check to make sure this command returns at least one valid object.
WARNING: [Vivado 12-584] No ports matched 'led[3]'. [D:/University/Engineering/8th semester/Digital Lab/lab-digitales/exp4/lab4.srcs/constrs_1/new/basys.xdc:54]
CRITICAL WARNING: [Common 17-55] 'set_property' expects at least one object. [D:/University/Engineering/8th semester/Digital Lab/lab-digitales/exp4/lab4.srcs/constrs_1/new/basys.xdc:54]
Resolution: If [get_<value>] was used to populate the object, check to make sure this command returns at least one valid object.
WARNING: [Vivado 12-584] No ports matched 'led[4]'. [D:/University/Engineering/8th semester/Digital Lab/lab-digitales/exp4/lab4.srcs/constrs_1/new/basys.xdc:55]
CRITICAL WARNING: [Common 17-55] 'set_property' expects at least one object. [D:/University/Engineering/8th semester/Digital Lab/lab-digitales/exp4/lab4.srcs/constrs_1/new/basys.xdc:55]
Resolution: If [get_<value>] was used to populate the object, check to make sure this command returns at least one valid object.
WARNING: [Vivado 12-584] No ports matched 'led[4]'. [D:/University/Engineering/8th semester/Digital Lab/lab-digitales/exp4/lab4.srcs/constrs_1/new/basys.xdc:56]
CRITICAL WARNING: [Common 17-55] 'set_property' expects at least one object. [D:/University/Engineering/8th semester/Digital Lab/lab-digitales/exp4/lab4.srcs/constrs_1/new/basys.xdc:56]
Resolution: If [get_<value>] was used to populate the object, check to make sure this command returns at least one valid object.
WARNING: [Vivado 12-584] No ports matched 'led[5]'. [D:/University/Engineering/8th semester/Digital Lab/lab-digitales/exp4/lab4.srcs/constrs_1/new/basys.xdc:57]
CRITICAL WARNING: [Common 17-55] 'set_property' expects at least one object. [D:/University/Engineering/8th semester/Digital Lab/lab-digitales/exp4/lab4.srcs/constrs_1/new/basys.xdc:57]
Resolution: If [get_<value>] was used to populate the object, check to make sure this command returns at least one valid object.
WARNING: [Vivado 12-584] No ports matched 'led[5]'. [D:/University/Engineering/8th semester/Digital Lab/lab-digitales/exp4/lab4.srcs/constrs_1/new/basys.xdc:58]
CRITICAL WARNING: [Common 17-55] 'set_property' expects at least one object. [D:/University/Engineering/8th semester/Digital Lab/lab-digitales/exp4/lab4.srcs/constrs_1/new/basys.xdc:58]
Resolution: If [get_<value>] was used to populate the object, check to make sure this command returns at least one valid object.
WARNING: [Vivado 12-584] No ports matched 'led[6]'. [D:/University/Engineering/8th semester/Digital Lab/lab-digitales/exp4/lab4.srcs/constrs_1/new/basys.xdc:59]
CRITICAL WARNING: [Common 17-55] 'set_property' expects at least one object. [D:/University/Engineering/8th semester/Digital Lab/lab-digitales/exp4/lab4.srcs/constrs_1/new/basys.xdc:59]
Resolution: If [get_<value>] was used to populate the object, check to make sure this command returns at least one valid object.
WARNING: [Vivado 12-584] No ports matched 'led[6]'. [D:/University/Engineering/8th semester/Digital Lab/lab-digitales/exp4/lab4.srcs/constrs_1/new/basys.xdc:60]
CRITICAL WARNING: [Common 17-55] 'set_property' expects at least one object. [D:/University/Engineering/8th semester/Digital Lab/lab-digitales/exp4/lab4.srcs/constrs_1/new/basys.xdc:60]
Resolution: If [get_<value>] was used to populate the object, check to make sure this command returns at least one valid object.
WARNING: [Vivado 12-584] No ports matched 'led[7]'. [D:/University/Engineering/8th semester/Digital Lab/lab-digitales/exp4/lab4.srcs/constrs_1/new/basys.xdc:61]
CRITICAL WARNING: [Common 17-55] 'set_property' expects at least one object. [D:/University/Engineering/8th semester/Digital Lab/lab-digitales/exp4/lab4.srcs/constrs_1/new/basys.xdc:61]
Resolution: If [get_<value>] was used to populate the object, check to make sure this command returns at least one valid object.
WARNING: [Vivado 12-584] No ports matched 'led[7]'. [D:/University/Engineering/8th semester/Digital Lab/lab-digitales/exp4/lab4.srcs/constrs_1/new/basys.xdc:62]
CRITICAL WARNING: [Common 17-55] 'set_property' expects at least one object. [D:/University/Engineering/8th semester/Digital Lab/lab-digitales/exp4/lab4.srcs/constrs_1/new/basys.xdc:62]
Resolution: If [get_<value>] was used to populate the object, check to make sure this command returns at least one valid object.
WARNING: [Vivado 12-584] No ports matched 'led[8]'. [D:/University/Engineering/8th semester/Digital Lab/lab-digitales/exp4/lab4.srcs/constrs_1/new/basys.xdc:63]
CRITICAL WARNING: [Common 17-55] 'set_property' expects at least one object. [D:/University/Engineering/8th semester/Digital Lab/lab-digitales/exp4/lab4.srcs/constrs_1/new/basys.xdc:63]
Resolution: If [get_<value>] was used to populate the object, check to make sure this command returns at least one valid object.
WARNING: [Vivado 12-584] No ports matched 'led[8]'. [D:/University/Engineering/8th semester/Digital Lab/lab-digitales/exp4/lab4.srcs/constrs_1/new/basys.xdc:64]
CRITICAL WARNING: [Common 17-55] 'set_property' expects at least one object. [D:/University/Engineering/8th semester/Digital Lab/lab-digitales/exp4/lab4.srcs/constrs_1/new/basys.xdc:64]
Resolution: If [get_<value>] was used to populate the object, check to make sure this command returns at least one valid object.
WARNING: [Vivado 12-584] No ports matched 'led[9]'. [D:/University/Engineering/8th semester/Digital Lab/lab-digitales/exp4/lab4.srcs/constrs_1/new/basys.xdc:65]
CRITICAL WARNING: [Common 17-55] 'set_property' expects at least one object. [D:/University/Engineering/8th semester/Digital Lab/lab-digitales/exp4/lab4.srcs/constrs_1/new/basys.xdc:65]
Resolution: If [get_<value>] was used to populate the object, check to make sure this command returns at least one valid object.
WARNING: [Vivado 12-584] No ports matched 'led[9]'. [D:/University/Engineering/8th semester/Digital Lab/lab-digitales/exp4/lab4.srcs/constrs_1/new/basys.xdc:66]
CRITICAL WARNING: [Common 17-55] 'set_property' expects at least one object. [D:/University/Engineering/8th semester/Digital Lab/lab-digitales/exp4/lab4.srcs/constrs_1/new/basys.xdc:66]
Resolution: If [get_<value>] was used to populate the object, check to make sure this command returns at least one valid object.
WARNING: [Vivado 12-584] No ports matched 'led[10]'. [D:/University/Engineering/8th semester/Digital Lab/lab-digitales/exp4/lab4.srcs/constrs_1/new/basys.xdc:67]
CRITICAL WARNING: [Common 17-55] 'set_property' expects at least one object. [D:/University/Engineering/8th semester/Digital Lab/lab-digitales/exp4/lab4.srcs/constrs_1/new/basys.xdc:67]
Resolution: If [get_<value>] was used to populate the object, check to make sure this command returns at least one valid object.
WARNING: [Vivado 12-584] No ports matched 'led[10]'. [D:/University/Engineering/8th semester/Digital Lab/lab-digitales/exp4/lab4.srcs/constrs_1/new/basys.xdc:68]
CRITICAL WARNING: [Common 17-55] 'set_property' expects at least one object. [D:/University/Engineering/8th semester/Digital Lab/lab-digitales/exp4/lab4.srcs/constrs_1/new/basys.xdc:68]
Resolution: If [get_<value>] was used to populate the object, check to make sure this command returns at least one valid object.
WARNING: [Vivado 12-584] No ports matched 'led[11]'. [D:/University/Engineering/8th semester/Digital Lab/lab-digitales/exp4/lab4.srcs/constrs_1/new/basys.xdc:69]
CRITICAL WARNING: [Common 17-55] 'set_property' expects at least one object. [D:/University/Engineering/8th semester/Digital Lab/lab-digitales/exp4/lab4.srcs/constrs_1/new/basys.xdc:69]
Resolution: If [get_<value>] was used to populate the object, check to make sure this command returns at least one valid object.
WARNING: [Vivado 12-584] No ports matched 'led[11]'. [D:/University/Engineering/8th semester/Digital Lab/lab-digitales/exp4/lab4.srcs/constrs_1/new/basys.xdc:70]
CRITICAL WARNING: [Common 17-55] 'set_property' expects at least one object. [D:/University/Engineering/8th semester/Digital Lab/lab-digitales/exp4/lab4.srcs/constrs_1/new/basys.xdc:70]
Resolution: If [get_<value>] was used to populate the object, check to make sure this command returns at least one valid object.
WARNING: [Vivado 12-584] No ports matched 'led[12]'. [D:/University/Engineering/8th semester/Digital Lab/lab-digitales/exp4/lab4.srcs/constrs_1/new/basys.xdc:71]
CRITICAL WARNING: [Common 17-55] 'set_property' expects at least one object. [D:/University/Engineering/8th semester/Digital Lab/lab-digitales/exp4/lab4.srcs/constrs_1/new/basys.xdc:71]
Resolution: If [get_<value>] was used to populate the object, check to make sure this command returns at least one valid object.
WARNING: [Vivado 12-584] No ports matched 'led[12]'. [D:/University/Engineering/8th semester/Digital Lab/lab-digitales/exp4/lab4.srcs/constrs_1/new/basys.xdc:72]
CRITICAL WARNING: [Common 17-55] 'set_property' expects at least one object. [D:/University/Engineering/8th semester/Digital Lab/lab-digitales/exp4/lab4.srcs/constrs_1/new/basys.xdc:72]
Resolution: If [get_<value>] was used to populate the object, check to make sure this command returns at least one valid object.
WARNING: [Vivado 12-584] No ports matched 'led[13]'. [D:/University/Engineering/8th semester/Digital Lab/lab-digitales/exp4/lab4.srcs/constrs_1/new/basys.xdc:73]
CRITICAL WARNING: [Common 17-55] 'set_property' expects at least one object. [D:/University/Engineering/8th semester/Digital Lab/lab-digitales/exp4/lab4.srcs/constrs_1/new/basys.xdc:73]
Resolution: If [get_<value>] was used to populate the object, check to make sure this command returns at least one valid object.
WARNING: [Vivado 12-584] No ports matched 'led[13]'. [D:/University/Engineering/8th semester/Digital Lab/lab-digitales/exp4/lab4.srcs/constrs_1/new/basys.xdc:74]
CRITICAL WARNING: [Common 17-55] 'set_property' expects at least one object. [D:/University/Engineering/8th semester/Digital Lab/lab-digitales/exp4/lab4.srcs/constrs_1/new/basys.xdc:74]
Resolution: If [get_<value>] was used to populate the object, check to make sure this command returns at least one valid object.
WARNING: [Vivado 12-584] No ports matched 'led[14]'. [D:/University/Engineering/8th semester/Digital Lab/lab-digitales/exp4/lab4.srcs/constrs_1/new/basys.xdc:75]
CRITICAL WARNING: [Common 17-55] 'set_property' expects at least one object. [D:/University/Engineering/8th semester/Digital Lab/lab-digitales/exp4/lab4.srcs/constrs_1/new/basys.xdc:75]
Resolution: If [get_<value>] was used to populate the object, check to make sure this command returns at least one valid object.
WARNING: [Vivado 12-584] No ports matched 'led[14]'. [D:/University/Engineering/8th semester/Digital Lab/lab-digitales/exp4/lab4.srcs/constrs_1/new/basys.xdc:76]
CRITICAL WARNING: [Common 17-55] 'set_property' expects at least one object. [D:/University/Engineering/8th semester/Digital Lab/lab-digitales/exp4/lab4.srcs/constrs_1/new/basys.xdc:76]
Resolution: If [get_<value>] was used to populate the object, check to make sure this command returns at least one valid object.
WARNING: [Vivado 12-584] No ports matched 'led[15]'. [D:/University/Engineering/8th semester/Digital Lab/lab-digitales/exp4/lab4.srcs/constrs_1/new/basys.xdc:77]
CRITICAL WARNING: [Common 17-55] 'set_property' expects at least one object. [D:/University/Engineering/8th semester/Digital Lab/lab-digitales/exp4/lab4.srcs/constrs_1/new/basys.xdc:77]
Resolution: If [get_<value>] was used to populate the object, check to make sure this command returns at least one valid object.
WARNING: [Vivado 12-584] No ports matched 'led[15]'. [D:/University/Engineering/8th semester/Digital Lab/lab-digitales/exp4/lab4.srcs/constrs_1/new/basys.xdc:78]
CRITICAL WARNING: [Common 17-55] 'set_property' expects at least one object. [D:/University/Engineering/8th semester/Digital Lab/lab-digitales/exp4/lab4.srcs/constrs_1/new/basys.xdc:78]
Resolution: If [get_<value>] was used to populate the object, check to make sure this command returns at least one valid object.
WARNING: [Vivado 12-584] No ports matched 'btnC'. [D:/University/Engineering/8th semester/Digital Lab/lab-digitales/exp4/lab4.srcs/constrs_1/new/basys.xdc:111]
CRITICAL WARNING: [Common 17-55] 'set_property' expects at least one object. [D:/University/Engineering/8th semester/Digital Lab/lab-digitales/exp4/lab4.srcs/constrs_1/new/basys.xdc:111]
Resolution: If [get_<value>] was used to populate the object, check to make sure this command returns at least one valid object.
WARNING: [Vivado 12-584] No ports matched 'btnC'. [D:/University/Engineering/8th semester/Digital Lab/lab-digitales/exp4/lab4.srcs/constrs_1/new/basys.xdc:112]
CRITICAL WARNING: [Common 17-55] 'set_property' expects at least one object. [D:/University/Engineering/8th semester/Digital Lab/lab-digitales/exp4/lab4.srcs/constrs_1/new/basys.xdc:112]
Resolution: If [get_<value>] was used to populate the object, check to make sure this command returns at least one valid object.
WARNING: [Vivado 12-584] No ports matched 'btnU'. [D:/University/Engineering/8th semester/Digital Lab/lab-digitales/exp4/lab4.srcs/constrs_1/new/basys.xdc:113]
CRITICAL WARNING: [Common 17-55] 'set_property' expects at least one object. [D:/University/Engineering/8th semester/Digital Lab/lab-digitales/exp4/lab4.srcs/constrs_1/new/basys.xdc:113]
Resolution: If [get_<value>] was used to populate the object, check to make sure this command returns at least one valid object.
WARNING: [Vivado 12-584] No ports matched 'btnU'. [D:/University/Engineering/8th semester/Digital Lab/lab-digitales/exp4/lab4.srcs/constrs_1/new/basys.xdc:114]
CRITICAL WARNING: [Common 17-55] 'set_property' expects at least one object. [D:/University/Engineering/8th semester/Digital Lab/lab-digitales/exp4/lab4.srcs/constrs_1/new/basys.xdc:114]
Resolution: If [get_<value>] was used to populate the object, check to make sure this command returns at least one valid object.
WARNING: [Vivado 12-584] No ports matched 'btnL'. [D:/University/Engineering/8th semester/Digital Lab/lab-digitales/exp4/lab4.srcs/constrs_1/new/basys.xdc:115]
CRITICAL WARNING: [Common 17-55] 'set_property' expects at least one object. [D:/University/Engineering/8th semester/Digital Lab/lab-digitales/exp4/lab4.srcs/constrs_1/new/basys.xdc:115]
Resolution: If [get_<value>] was used to populate the object, check to make sure this command returns at least one valid object.
WARNING: [Vivado 12-584] No ports matched 'btnL'. [D:/University/Engineering/8th semester/Digital Lab/lab-digitales/exp4/lab4.srcs/constrs_1/new/basys.xdc:116]
CRITICAL WARNING: [Common 17-55] 'set_property' expects at least one object. [D:/University/Engineering/8th semester/Digital Lab/lab-digitales/exp4/lab4.srcs/constrs_1/new/basys.xdc:116]
Resolution: If [get_<value>] was used to populate the object, check to make sure this command returns at least one valid object.
WARNING: [Vivado 12-584] No ports matched 'btnR'. [D:/University/Engineering/8th semester/Digital Lab/lab-digitales/exp4/lab4.srcs/constrs_1/new/basys.xdc:117]
CRITICAL WARNING: [Common 17-55] 'set_property' expects at least one object. [D:/University/Engineering/8th semester/Digital Lab/lab-digitales/exp4/lab4.srcs/constrs_1/new/basys.xdc:117]
Resolution: If [get_<value>] was used to populate the object, check to make sure this command returns at least one valid object.
WARNING: [Vivado 12-584] No ports matched 'btnR'. [D:/University/Engineering/8th semester/Digital Lab/lab-digitales/exp4/lab4.srcs/constrs_1/new/basys.xdc:118]
CRITICAL WARNING: [Common 17-55] 'set_property' expects at least one object. [D:/University/Engineering/8th semester/Digital Lab/lab-digitales/exp4/lab4.srcs/constrs_1/new/basys.xdc:118]
Resolution: If [get_<value>] was used to populate the object, check to make sure this command returns at least one valid object.
WARNING: [Vivado 12-584] No ports matched 'btnD'. [D:/University/Engineering/8th semester/Digital Lab/lab-digitales/exp4/lab4.srcs/constrs_1/new/basys.xdc:119]
CRITICAL WARNING: [Common 17-55] 'set_property' expects at least one object. [D:/University/Engineering/8th semester/Digital Lab/lab-digitales/exp4/lab4.srcs/constrs_1/new/basys.xdc:119]
Resolution: If [get_<value>] was used to populate the object, check to make sure this command returns at least one valid object.
WARNING: [Vivado 12-584] No ports matched 'btnD'. [D:/University/Engineering/8th semester/Digital Lab/lab-digitales/exp4/lab4.srcs/constrs_1/new/basys.xdc:120]
CRITICAL WARNING: [Common 17-55] 'set_property' expects at least one object. [D:/University/Engineering/8th semester/Digital Lab/lab-digitales/exp4/lab4.srcs/constrs_1/new/basys.xdc:120]
Resolution: If [get_<value>] was used to populate the object, check to make sure this command returns at least one valid object.
WARNING: [Vivado 12-584] No ports matched 'JA[0]'. [D:/University/Engineering/8th semester/Digital Lab/lab-digitales/exp4/lab4.srcs/constrs_1/new/basys.xdc:126]
CRITICAL WARNING: [Common 17-55] 'set_property' expects at least one object. [D:/University/Engineering/8th semester/Digital Lab/lab-digitales/exp4/lab4.srcs/constrs_1/new/basys.xdc:126]
Resolution: If [get_<value>] was used to populate the object, check to make sure this command returns at least one valid object.
WARNING: [Vivado 12-584] No ports matched 'JA[0]'. [D:/University/Engineering/8th semester/Digital Lab/lab-digitales/exp4/lab4.srcs/constrs_1/new/basys.xdc:127]
CRITICAL WARNING: [Common 17-55] 'set_property' expects at least one object. [D:/University/Engineering/8th semester/Digital Lab/lab-digitales/exp4/lab4.srcs/constrs_1/new/basys.xdc:127]
Resolution: If [get_<value>] was used to populate the object, check to make sure this command returns at least one valid object.
WARNING: [Vivado 12-584] No ports matched 'JA[1]'. [D:/University/Engineering/8th semester/Digital Lab/lab-digitales/exp4/lab4.srcs/constrs_1/new/basys.xdc:129]
CRITICAL WARNING: [Common 17-55] 'set_property' expects at least one object. [D:/University/Engineering/8th semester/Digital Lab/lab-digitales/exp4/lab4.srcs/constrs_1/new/basys.xdc:129]
Resolution: If [get_<value>] was used to populate the object, check to make sure this command returns at least one valid object.
WARNING: [Vivado 12-584] No ports matched 'JA[1]'. [D:/University/Engineering/8th semester/Digital Lab/lab-digitales/exp4/lab4.srcs/constrs_1/new/basys.xdc:130]
CRITICAL WARNING: [Common 17-55] 'set_property' expects at least one object. [D:/University/Engineering/8th semester/Digital Lab/lab-digitales/exp4/lab4.srcs/constrs_1/new/basys.xdc:130]
Resolution: If [get_<value>] was used to populate the object, check to make sure this command returns at least one valid object.
WARNING: [Vivado 12-584] No ports matched 'JA[2]'. [D:/University/Engineering/8th semester/Digital Lab/lab-digitales/exp4/lab4.srcs/constrs_1/new/basys.xdc:132]
CRITICAL WARNING: [Common 17-55] 'set_property' expects at least one object. [D:/University/Engineering/8th semester/Digital Lab/lab-digitales/exp4/lab4.srcs/constrs_1/new/basys.xdc:132]
Resolution: If [get_<value>] was used to populate the object, check to make sure this command returns at least one valid object.
WARNING: [Vivado 12-584] No ports matched 'JA[2]'. [D:/University/Engineering/8th semester/Digital Lab/lab-digitales/exp4/lab4.srcs/constrs_1/new/basys.xdc:133]
CRITICAL WARNING: [Common 17-55] 'set_property' expects at least one object. [D:/University/Engineering/8th semester/Digital Lab/lab-digitales/exp4/lab4.srcs/constrs_1/new/basys.xdc:133]
Resolution: If [get_<value>] was used to populate the object, check to make sure this command returns at least one valid object.
WARNING: [Vivado 12-584] No ports matched 'JA[3]'. [D:/University/Engineering/8th semester/Digital Lab/lab-digitales/exp4/lab4.srcs/constrs_1/new/basys.xdc:135]
CRITICAL WARNING: [Common 17-55] 'set_property' expects at least one object. [D:/University/Engineering/8th semester/Digital Lab/lab-digitales/exp4/lab4.srcs/constrs_1/new/basys.xdc:135]
Resolution: If [get_<value>] was used to populate the object, check to make sure this command returns at least one valid object.
WARNING: [Vivado 12-584] No ports matched 'JA[3]'. [D:/University/Engineering/8th semester/Digital Lab/lab-digitales/exp4/lab4.srcs/constrs_1/new/basys.xdc:136]
CRITICAL WARNING: [Common 17-55] 'set_property' expects at least one object. [D:/University/Engineering/8th semester/Digital Lab/lab-digitales/exp4/lab4.srcs/constrs_1/new/basys.xdc:136]
Resolution: If [get_<value>] was used to populate the object, check to make sure this command returns at least one valid object.
WARNING: [Vivado 12-584] No ports matched 'JA[4]'. [D:/University/Engineering/8th semester/Digital Lab/lab-digitales/exp4/lab4.srcs/constrs_1/new/basys.xdc:138]
CRITICAL WARNING: [Common 17-55] 'set_property' expects at least one object. [D:/University/Engineering/8th semester/Digital Lab/lab-digitales/exp4/lab4.srcs/constrs_1/new/basys.xdc:138]
Resolution: If [get_<value>] was used to populate the object, check to make sure this command returns at least one valid object.
WARNING: [Vivado 12-584] No ports matched 'JA[4]'. [D:/University/Engineering/8th semester/Digital Lab/lab-digitales/exp4/lab4.srcs/constrs_1/new/basys.xdc:139]
CRITICAL WARNING: [Common 17-55] 'set_property' expects at least one object. [D:/University/Engineering/8th semester/Digital Lab/lab-digitales/exp4/lab4.srcs/constrs_1/new/basys.xdc:139]
Resolution: If [get_<value>] was used to populate the object, check to make sure this command returns at least one valid object.
WARNING: [Vivado 12-584] No ports matched 'JA[5]'. [D:/University/Engineering/8th semester/Digital Lab/lab-digitales/exp4/lab4.srcs/constrs_1/new/basys.xdc:141]
CRITICAL WARNING: [Common 17-55] 'set_property' expects at least one object. [D:/University/Engineering/8th semester/Digital Lab/lab-digitales/exp4/lab4.srcs/constrs_1/new/basys.xdc:141]
Resolution: If [get_<value>] was used to populate the object, check to make sure this command returns at least one valid object.
WARNING: [Vivado 12-584] No ports matched 'JA[5]'. [D:/University/Engineering/8th semester/Digital Lab/lab-digitales/exp4/lab4.srcs/constrs_1/new/basys.xdc:142]
CRITICAL WARNING: [Common 17-55] 'set_property' expects at least one object. [D:/University/Engineering/8th semester/Digital Lab/lab-digitales/exp4/lab4.srcs/constrs_1/new/basys.xdc:142]
Resolution: If [get_<value>] was used to populate the object, check to make sure this command returns at least one valid object.
Finished Parsing XDC File [D:/University/Engineering/8th semester/Digital Lab/lab-digitales/exp4/lab4.srcs/constrs_1/new/basys.xdc]
INFO: [Project 1-236] Implementation specific constraints were found while reading constraint file [D:/University/Engineering/8th semester/Digital Lab/lab-digitales/exp4/lab4.srcs/constrs_1/new/basys.xdc]. These constraints will be ignored for synthesis but will be used in implementation. Impacted constraints are listed in the file [.Xil/main_propImpl.xdc].
Resolution: To avoid this warning, move constraints listed in [.Xil/main_propImpl.xdc] to another XDC file and exclude this new file from synthesis with the used_in_synthesis property (File Properties dialog in GUI) and re-run elaboration/synthesis.
Completed Processing XDC Constraints

INFO: [Project 1-111] Unisim Transformation Summary:
No Unisim elements were transformed.

Constraint Validation Runtime : Time (s): cpu = 00:00:00 ; elapsed = 00:00:00.002 . Memory (MB): peak = 731.090 ; gain = 0.000
---------------------------------------------------------------------------------
Finished Constraint Validation : Time (s): cpu = 00:00:11 ; elapsed = 00:00:13 . Memory (MB): peak = 731.090 ; gain = 472.703
---------------------------------------------------------------------------------
---------------------------------------------------------------------------------
Start Loading Part and Timing Information
---------------------------------------------------------------------------------
Loading part: xc7a35tcpg236-1
---------------------------------------------------------------------------------
Finished Loading Part and Timing Information : Time (s): cpu = 00:00:11 ; elapsed = 00:00:13 . Memory (MB): peak = 731.090 ; gain = 472.703
---------------------------------------------------------------------------------
---------------------------------------------------------------------------------
Start Applying 'set_property' XDC Constraints
---------------------------------------------------------------------------------
---------------------------------------------------------------------------------
Finished applying 'set_property' XDC Constraints : Time (s): cpu = 00:00:11 ; elapsed = 00:00:13 . Memory (MB): peak = 731.090 ; gain = 472.703
---------------------------------------------------------------------------------
---------------------------------------------------------------------------------
Finished RTL Optimization Phase 2 : Time (s): cpu = 00:00:12 ; elapsed = 00:00:13 . Memory (MB): peak = 731.090 ; gain = 472.703
---------------------------------------------------------------------------------

Report RTL Partitions: 
+-+--------------+------------+----------+
| |RTL Partition |Replication |Instances |
+-+--------------+------------+----------+
+-+--------------+------------+----------+
---------------------------------------------------------------------------------
Start RTL Component Statistics 
---------------------------------------------------------------------------------
Detailed RTL Component Info : 
+---Adders : 
	   2 Input      2 Bit       Adders := 1     
+---Registers : 
	                2 Bit    Registers := 1     
+---Muxes : 
	   5 Input      7 Bit        Muxes := 1     
	   4 Input      4 Bit        Muxes := 1     
	   2 Input      3 Bit        Muxes := 1     
	   4 Input      3 Bit        Muxes := 2     
	   3 Input      2 Bit        Muxes := 2     
---------------------------------------------------------------------------------
Finished RTL Component Statistics 
---------------------------------------------------------------------------------
---------------------------------------------------------------------------------
Start RTL Hierarchical Component Statistics 
---------------------------------------------------------------------------------
Hierarchical RTL Component report 
Module display_floor 
Detailed RTL Component Info : 
+---Adders : 
	   2 Input      2 Bit       Adders := 1     
+---Registers : 
	                2 Bit    Registers := 1     
+---Muxes : 
	   5 Input      7 Bit        Muxes := 1     
	   4 Input      4 Bit        Muxes := 1     
	   2 Input      3 Bit        Muxes := 1     
	   4 Input      3 Bit        Muxes := 2     
	   3 Input      2 Bit        Muxes := 2     
---------------------------------------------------------------------------------
Finished RTL Hierarchical Component Statistics
---------------------------------------------------------------------------------
---------------------------------------------------------------------------------
Start Part Resource Summary
---------------------------------------------------------------------------------
Part Resources:
DSPs: 90 (col length:60)
BRAMs: 100 (col length: RAMB18 60 RAMB36 30)
---------------------------------------------------------------------------------
Finished Part Resource Summary
---------------------------------------------------------------------------------
---------------------------------------------------------------------------------
Start Cross Boundary and Area Optimization
---------------------------------------------------------------------------------
Warning: Parallel synthesis criteria is not met 
WARNING: [Synth 8-3331] design main has unconnected port sw[15]
WARNING: [Synth 8-3331] design main has unconnected port sw[14]
WARNING: [Synth 8-3331] design main has unconnected port sw[13]
WARNING: [Synth 8-3331] design main has unconnected port sw[12]
WARNING: [Synth 8-3331] design main has unconnected port sw[11]
WARNING: [Synth 8-3331] design main has unconnected port sw[10]
WARNING: [Synth 8-3331] design main has unconnected port sw[9]
WARNING: [Synth 8-3331] design main has unconnected port sw[8]
WARNING: [Synth 8-3331] design main has unconnected port sw[7]
WARNING: [Synth 8-3331] design main has unconnected port sw[6]
WARNING: [Synth 8-3331] design main has unconnected port sw[5]
WARNING: [Synth 8-3331] design main has unconnected port sw[4]
WARNING: [Synth 8-3331] design main has unconnected port sw[3]
WARNING: [Synth 8-3331] design main has unconnected port sw[0]
---------------------------------------------------------------------------------
Finished Cross Boundary and Area Optimization : Time (s): cpu = 00:00:12 ; elapsed = 00:00:14 . Memory (MB): peak = 731.090 ; gain = 472.703
---------------------------------------------------------------------------------

Report RTL Partitions: 
+-+--------------+------------+----------+
| |RTL Partition |Replication |Instances |
+-+--------------+------------+----------+
+-+--------------+------------+----------+
---------------------------------------------------------------------------------
Start Applying XDC Timing Constraints
---------------------------------------------------------------------------------
---------------------------------------------------------------------------------
Finished Applying XDC Timing Constraints : Time (s): cpu = 00:00:20 ; elapsed = 00:00:23 . Memory (MB): peak = 733.418 ; gain = 475.031
---------------------------------------------------------------------------------
---------------------------------------------------------------------------------
Start Timing Optimization
---------------------------------------------------------------------------------
---------------------------------------------------------------------------------
Finished Timing Optimization : Time (s): cpu = 00:00:20 ; elapsed = 00:00:23 . Memory (MB): peak = 743.020 ; gain = 484.633
---------------------------------------------------------------------------------

Report RTL Partitions: 
+-+--------------+------------+----------+
| |RTL Partition |Replication |Instances |
+-+--------------+------------+----------+
+-+--------------+------------+----------+
---------------------------------------------------------------------------------
Start Technology Mapping
---------------------------------------------------------------------------------
---------------------------------------------------------------------------------
Finished Technology Mapping : Time (s): cpu = 00:00:20 ; elapsed = 00:00:23 . Memory (MB): peak = 743.023 ; gain = 484.637
---------------------------------------------------------------------------------

Report RTL Partitions: 
+-+--------------+------------+----------+
| |RTL Partition |Replication |Instances |
+-+--------------+------------+----------+
+-+--------------+------------+----------+
---------------------------------------------------------------------------------
Start IO Insertion
---------------------------------------------------------------------------------
---------------------------------------------------------------------------------
Start Flattening Before IO Insertion
---------------------------------------------------------------------------------
---------------------------------------------------------------------------------
Finished Flattening Before IO Insertion
---------------------------------------------------------------------------------
---------------------------------------------------------------------------------
Start Final Netlist Cleanup
---------------------------------------------------------------------------------
---------------------------------------------------------------------------------
Finished Final Netlist Cleanup
---------------------------------------------------------------------------------
---------------------------------------------------------------------------------
Finished IO Insertion : Time (s): cpu = 00:00:21 ; elapsed = 00:00:24 . Memory (MB): peak = 743.023 ; gain = 484.637
---------------------------------------------------------------------------------

Report Check Netlist: 
+------+------------------+-------+---------+-------+------------------+
|      |Item              |Errors |Warnings |Status |Description       |
+------+------------------+-------+---------+-------+------------------+
|1     |multi_driven_nets |      0|        0|Passed |Multi driven nets |
+------+------------------+-------+---------+-------+------------------+
---------------------------------------------------------------------------------
Start Renaming Generated Instances
---------------------------------------------------------------------------------
---------------------------------------------------------------------------------
Finished Renaming Generated Instances : Time (s): cpu = 00:00:21 ; elapsed = 00:00:24 . Memory (MB): peak = 743.023 ; gain = 484.637
---------------------------------------------------------------------------------

Report RTL Partitions: 
+-+--------------+------------+----------+
| |RTL Partition |Replication |Instances |
+-+--------------+------------+----------+
+-+--------------+------------+----------+
---------------------------------------------------------------------------------
Start Rebuilding User Hierarchy
---------------------------------------------------------------------------------
---------------------------------------------------------------------------------
Finished Rebuilding User Hierarchy : Time (s): cpu = 00:00:21 ; elapsed = 00:00:24 . Memory (MB): peak = 743.023 ; gain = 484.637
---------------------------------------------------------------------------------
---------------------------------------------------------------------------------
Start Renaming Generated Ports
---------------------------------------------------------------------------------
---------------------------------------------------------------------------------
Finished Renaming Generated Ports : Time (s): cpu = 00:00:21 ; elapsed = 00:00:24 . Memory (MB): peak = 743.023 ; gain = 484.637
---------------------------------------------------------------------------------
---------------------------------------------------------------------------------
Start Handling Custom Attributes
---------------------------------------------------------------------------------
---------------------------------------------------------------------------------
Finished Handling Custom Attributes : Time (s): cpu = 00:00:21 ; elapsed = 00:00:24 . Memory (MB): peak = 743.023 ; gain = 484.637
---------------------------------------------------------------------------------
---------------------------------------------------------------------------------
Start Renaming Generated Nets
---------------------------------------------------------------------------------
---------------------------------------------------------------------------------
Finished Renaming Generated Nets : Time (s): cpu = 00:00:21 ; elapsed = 00:00:24 . Memory (MB): peak = 743.023 ; gain = 484.637
---------------------------------------------------------------------------------
---------------------------------------------------------------------------------
Start Writing Synthesis Report
---------------------------------------------------------------------------------

Report BlackBoxes: 
+-+--------------+----------+
| |BlackBox name |Instances |
+-+--------------+----------+
+-+--------------+----------+

Report Cell Usage: 
+------+-------+------+
|      |Cell   |Count |
+------+-------+------+
|1     |BUFG   |     1|
|2     |CARRY4 |     5|
|3     |LUT1   |     2|
|4     |LUT2   |     5|
|5     |LUT3   |     3|
|6     |LUT4   |     2|
|7     |LUT5   |     2|
|8     |LUT6   |     1|
|9     |FDRE   |    19|
|10    |IBUF   |     3|
|11    |OBUF   |    11|
+------+-------+------+

Report Instance Areas: 
+------+-----------------+--------------+------+
|      |Instance         |Module        |Cells |
+------+-----------------+--------------+------+
|1     |top              |              |    54|
|2     |  nolabel_line13 |display_floor |    39|
+------+-----------------+--------------+------+
---------------------------------------------------------------------------------
Finished Writing Synthesis Report : Time (s): cpu = 00:00:21 ; elapsed = 00:00:24 . Memory (MB): peak = 743.023 ; gain = 484.637
---------------------------------------------------------------------------------
Synthesis finished with 0 errors, 0 critical warnings and 14 warnings.
Synthesis Optimization Runtime : Time (s): cpu = 00:00:12 ; elapsed = 00:00:17 . Memory (MB): peak = 743.023 ; gain = 165.844
Synthesis Optimization Complete : Time (s): cpu = 00:00:21 ; elapsed = 00:00:24 . Memory (MB): peak = 743.023 ; gain = 484.637
INFO: [Project 1-571] Translating synthesized netlist
INFO: [Netlist 29-17] Analyzing 8 Unisim elements for replacement
INFO: [Netlist 29-28] Unisim Transformation completed in 0 CPU seconds
INFO: [Project 1-570] Preparing netlist for logic optimization
INFO: [Opt 31-138] Pushed 0 inverter(s) to 0 load pin(s).
INFO: [Project 1-111] Unisim Transformation Summary:
No Unisim elements were transformed.

INFO: [Common 17-83] Releasing license: Synthesis
16 Infos, 84 Warnings, 54 Critical Warnings and 0 Errors encountered.
synth_design completed successfully
synth_design: Time (s): cpu = 00:00:23 ; elapsed = 00:00:26 . Memory (MB): peak = 752.809 ; gain = 507.141
WARNING: [Constraints 18-5210] No constraint will be written out.
INFO: [Common 17-1381] The checkpoint 'D:/University/Engineering/8th semester/Digital Lab/lab-digitales/exp4/lab4.runs/synth_1/main.dcp' has been generated.
INFO: [runtcl-4] Executing : report_utilization -file main_utilization_synth.rpt -pb main_utilization_synth.pb
report_utilization: Time (s): cpu = 00:00:00 ; elapsed = 00:00:00.020 . Memory (MB): peak = 752.809 ; gain = 0.000
INFO: [Common 17-206] Exiting Vivado at Tue Oct  9 17:47:53 2018...
