#-----------------------------------------------------------
# Vivado v2018.2 (64-bit)
# SW Build 2258646 on Thu Jun 14 20:03:12 MDT 2018
# IP Build 2256618 on Thu Jun 14 22:10:49 MDT 2018
# Start of session at: Wed Sep 26 22:47:12 2018
# Process ID: 16696
# Current directory: D:/University/Engineering/8th semester/Digital Lab/lab-digitales/exp3
# Command line: vivado.exe -gui_launcher_event rodinguilauncherevent8136 D:\University\Engineering\8th semester\Digital Lab\lab-digitales\exp3\lab3.xpr
# Log file: D:/University/Engineering/8th semester/Digital Lab/lab-digitales/exp3/vivado.log
# Journal file: D:/University/Engineering/8th semester/Digital Lab/lab-digitales/exp3\vivado.jou
#-----------------------------------------------------------
start_gui
open_project {D:/University/Engineering/8th semester/Digital Lab/lab-digitales/exp3/lab3.xpr}
INFO: [Project 1-313] Project file moved from 'C:/Users/jlarr/Desktop/lab-digitales/exp3' since last save.
Scanning sources...
Finished scanning sources
WARNING: [filemgmt 56-2] IPUserFilesDir: Could not find the directory 'D:/University/Engineering/8th semester/Digital Lab/lab-digitales/exp3/lab3.ip_user_files', nor could it be found using path 'C:/Users/jlarr/Desktop/lab-digitales/exp3/lab3.ip_user_files'.
INFO: [IP_Flow 19-234] Refreshing IP repositories
INFO: [IP_Flow 19-1704] No user IP repositories specified
INFO: [IP_Flow 19-2313] Loaded Vivado IP repository 'D:/Programs/Xilinx/Vivado/2018.2/data/ip'.
open_project: Time (s): cpu = 00:00:11 ; elapsed = 00:00:14 . Memory (MB): peak = 767.109 ; gain = 66.637
update_compile_order -fileset sources_1
exit
INFO: [Common 17-206] Exiting Vivado at Wed Sep 26 22:49:04 2018...
